Seq	Host	Starttime	JobRuntime	Send	Receive	Exitval	Signal	Command
11	:	1707192005.572	     0.006	0	0	0	11	./cov 11 ini_files/cov_desy3
12	:	1707192005.577	     0.007	0	0	0	11	./cov 12 ini_files/cov_desy3
13	:	1707192005.584	     0.000	0	0	0	11	./cov 13 ini_files/cov_desy3
14	:	1707192005.589	     0.005	0	0	0	11	./cov 14 ini_files/cov_desy3
15	:	1707192005.594	     0.006	0	0	0	11	./cov 15 ini_files/cov_desy3
16	:	1707192005.601	     0.003	0	0	0	11	./cov 16 ini_files/cov_desy3
17	:	1707192005.605	     0.003	0	0	0	11	./cov 17 ini_files/cov_desy3
18	:	1707192005.608	     0.004	0	0	0	11	./cov 18 ini_files/cov_desy3
19	:	1707192005.613	     0.005	0	0	0	11	./cov 19 ini_files/cov_desy3
20	:	1707192005.618	     0.006	0	0	0	11	./cov 20 ini_files/cov_desy3
21	:	1707192005.625	     0.003	0	0	0	11	./cov 21 ini_files/cov_desy3
22	:	1707192005.629	     0.031	0	0	0	11	./cov 22 ini_files/cov_desy3
23	:	1707192005.659	     0.004	0	0	0	11	./cov 23 ini_files/cov_desy3
24	:	1707192005.663	     0.002	0	0	0	11	./cov 24 ini_files/cov_desy3
25	:	1707192005.666	     0.003	0	0	0	11	./cov 25 ini_files/cov_desy3
26	:	1707192005.669	     0.003	0	0	0	11	./cov 26 ini_files/cov_desy3
2	:	1707192005.545	     0.129	0	0	0	11	./cov 2 ini_files/cov_desy3
28	:	1707192005.675	     0.003	0	0	0	11	./cov 28 ini_files/cov_desy3
29	:	1707192005.678	     0.003	0	0	0	11	./cov 29 ini_files/cov_desy3
30	:	1707192005.681	     0.003	0	0	0	11	./cov 30 ini_files/cov_desy3
31	:	1707192005.684	     0.003	0	0	0	11	./cov 31 ini_files/cov_desy3
32	:	1707192005.687	     0.003	0	0	0	11	./cov 32 ini_files/cov_desy3
33	:	1707192005.690	     0.003	0	0	0	11	./cov 33 ini_files/cov_desy3
6	:	1707192005.552	     0.144	0	0	0	11	./cov 6 ini_files/cov_desy3
35	:	1707192005.696	     0.002	0	0	0	11	./cov 35 ini_files/cov_desy3
36	:	1707192005.699	     0.004	0	0	0	11	./cov 36 ini_files/cov_desy3
37	:	1707192005.702	     0.004	0	0	0	11	./cov 37 ini_files/cov_desy3
38	:	1707192005.706	     0.003	0	0	0	11	./cov 38 ini_files/cov_desy3
39	:	1707192005.709	     0.002	0	0	0	11	./cov 39 ini_files/cov_desy3
40	:	1707192005.712	     0.003	0	0	0	11	./cov 40 ini_files/cov_desy3
3	:	1707192005.546	     0.168	0	0	0	11	./cov 3 ini_files/cov_desy3
42	:	1707192005.717	     0.006	0	0	0	11	./cov 42 ini_files/cov_desy3
43	:	1707192005.720	     0.003	0	0	0	11	./cov 43 ini_files/cov_desy3
44	:	1707192005.723	     0.003	0	0	0	11	./cov 44 ini_files/cov_desy3
45	:	1707192005.726	     0.003	0	0	0	11	./cov 45 ini_files/cov_desy3
46	:	1707192005.730	     0.003	0	0	0	11	./cov 46 ini_files/cov_desy3
47	:	1707192005.732	     0.003	0	0	0	11	./cov 47 ini_files/cov_desy3
5	:	1707192005.550	     0.189	0	0	0	11	./cov 5 ini_files/cov_desy3
49	:	1707192005.738	     0.004	0	0	0	11	./cov 49 ini_files/cov_desy3
50	:	1707192005.742	     0.003	0	0	0	11	./cov 50 ini_files/cov_desy3
51	:	1707192005.745	     0.004	0	0	0	11	./cov 51 ini_files/cov_desy3
52	:	1707192005.749	     0.003	0	0	0	11	./cov 52 ini_files/cov_desy3
53	:	1707192005.752	     0.003	0	0	0	11	./cov 53 ini_files/cov_desy3
4	:	1707192005.548	     0.209	0	0	0	11	./cov 4 ini_files/cov_desy3
55	:	1707192005.758	     0.004	0	0	0	11	./cov 55 ini_files/cov_desy3
56	:	1707192005.762	     0.003	0	0	0	11	./cov 56 ini_files/cov_desy3
57	:	1707192005.765	     0.008	0	0	0	11	./cov 57 ini_files/cov_desy3
58	:	1707192005.769	     0.004	0	0	0	11	./cov 58 ini_files/cov_desy3
59	:	1707192005.774	     0.003	0	0	0	11	./cov 59 ini_files/cov_desy3
60	:	1707192005.777	     0.003	0	0	0	11	./cov 60 ini_files/cov_desy3
7	:	1707192005.555	     0.230	0	0	0	11	./cov 7 ini_files/cov_desy3
62	:	1707192005.785	     0.004	0	0	0	11	./cov 62 ini_files/cov_desy3
63	:	1707192005.790	     0.003	0	0	0	11	./cov 63 ini_files/cov_desy3
64	:	1707192005.793	     0.003	0	0	0	11	./cov 64 ini_files/cov_desy3
65	:	1707192005.797	     0.006	0	0	0	11	./cov 65 ini_files/cov_desy3
9	:	1707192005.564	     0.243	0	0	0	11	./cov 9 ini_files/cov_desy3
66	:	1707192005.801	     0.005	0	0	0	11	./cov 66 ini_files/cov_desy3
68	:	1707192005.806	     0.005	0	0	0	11	./cov 68 ini_files/cov_desy3
69	:	1707192005.811	     0.003	0	0	0	11	./cov 69 ini_files/cov_desy3
70	:	1707192005.815	     0.006	0	0	0	11	./cov 70 ini_files/cov_desy3
71	:	1707192005.818	     0.004	0	0	0	11	./cov 71 ini_files/cov_desy3
72	:	1707192005.822	     0.003	0	0	0	11	./cov 72 ini_files/cov_desy3
73	:	1707192005.825	     0.003	0	0	0	11	./cov 73 ini_files/cov_desy3
8	:	1707192005.561	     0.271	0	0	0	11	./cov 8 ini_files/cov_desy3
75	:	1707192005.832	     0.003	0	0	0	11	./cov 75 ini_files/cov_desy3
76	:	1707192005.836	     0.003	0	0	0	11	./cov 76 ini_files/cov_desy3
77	:	1707192005.840	     0.004	0	0	0	11	./cov 77 ini_files/cov_desy3
78	:	1707192005.844	     0.003	0	0	0	11	./cov 78 ini_files/cov_desy3
1	:	1707192005.543	     0.311	0	0	0	11	./cov 1 ini_files/cov_desy3
79	:	1707192005.848	     0.006	0	0	0	11	./cov 79 ini_files/cov_desy3
81	:	1707192005.854	     0.003	0	0	0	11	./cov 81 ini_files/cov_desy3
82	:	1707192005.858	     0.003	0	0	0	11	./cov 82 ini_files/cov_desy3
83	:	1707192005.861	     0.003	0	0	0	11	./cov 83 ini_files/cov_desy3
84	:	1707192005.865	     0.003	0	0	0	11	./cov 84 ini_files/cov_desy3
85	:	1707192005.869	     0.003	0	0	0	11	./cov 85 ini_files/cov_desy3
86	:	1707192005.872	     0.003	0	0	0	11	./cov 86 ini_files/cov_desy3
10	:	1707192005.568	     0.309	0	0	0	11	./cov 10 ini_files/cov_desy3
88	:	1707192005.878	     0.003	0	0	0	11	./cov 88 ini_files/cov_desy3
89	:	1707192005.881	     0.006	0	0	0	11	./cov 89 ini_files/cov_desy3
90	:	1707192005.884	     0.003	0	0	0	11	./cov 90 ini_files/cov_desy3
91	:	1707192005.887	     0.003	0	0	0	11	./cov 91 ini_files/cov_desy3
92	:	1707192005.891	     0.003	0	0	0	11	./cov 92 ini_files/cov_desy3
93	:	1707192005.895	     0.005	0	0	0	11	./cov 93 ini_files/cov_desy3
94	:	1707192005.898	     0.003	0	0	0	11	./cov 94 ini_files/cov_desy3
27	:	1707192005.672	     0.232	0	0	0	11	./cov 27 ini_files/cov_desy3
96	:	1707192005.904	     0.006	0	0	0	11	./cov 96 ini_files/cov_desy3
97	:	1707192005.907	     0.004	0	0	0	11	./cov 97 ini_files/cov_desy3
98	:	1707192005.911	     0.003	0	0	0	11	./cov 98 ini_files/cov_desy3
99	:	1707192005.915	     0.003	0	0	0	11	./cov 99 ini_files/cov_desy3
100	:	1707192005.918	     0.003	0	0	0	11	./cov 100 ini_files/cov_desy3
101	:	1707192005.921	     0.003	0	0	0	11	./cov 101 ini_files/cov_desy3
34	:	1707192005.693	     0.235	0	0	0	11	./cov 34 ini_files/cov_desy3
103	:	1707192005.928	     0.003	0	0	0	11	./cov 103 ini_files/cov_desy3
104	:	1707192005.932	     0.006	0	0	0	11	./cov 104 ini_files/cov_desy3
105	:	1707192005.935	     0.005	0	0	0	11	./cov 105 ini_files/cov_desy3
106	:	1707192005.938	     0.005	0	0	0	11	./cov 106 ini_files/cov_desy3
107	:	1707192005.943	     0.003	0	0	0	11	./cov 107 ini_files/cov_desy3
108	:	1707192005.946	     0.003	0	0	0	11	./cov 108 ini_files/cov_desy3
41	:	1707192005.714	     0.236	0	0	0	11	./cov 41 ini_files/cov_desy3
110	:	1707192005.953	     0.003	0	0	0	11	./cov 110 ini_files/cov_desy3
111	:	1707192005.956	     0.003	0	0	0	11	./cov 111 ini_files/cov_desy3
112	:	1707192005.960	     0.003	0	0	0	11	./cov 112 ini_files/cov_desy3
113	:	1707192005.964	     0.003	0	0	0	11	./cov 113 ini_files/cov_desy3
48	:	1707192005.735	     0.239	0	0	0	11	./cov 48 ini_files/cov_desy3
114	:	1707192005.967	     0.006	0	0	0	11	./cov 114 ini_files/cov_desy3
116	:	1707192005.973	     0.003	0	0	0	11	./cov 116 ini_files/cov_desy3
117	:	1707192005.977	     0.003	0	0	0	11	./cov 117 ini_files/cov_desy3
118	:	1707192005.980	     0.006	0	0	0	11	./cov 118 ini_files/cov_desy3
119	:	1707192005.983	     0.003	0	0	0	11	./cov 119 ini_files/cov_desy3
120	:	1707192005.986	     0.006	0	0	0	11	./cov 120 ini_files/cov_desy3
121	:	1707192005.990	     0.003	0	0	0	11	./cov 121 ini_files/cov_desy3
122	:	1707192005.993	     0.003	0	0	0	11	./cov 122 ini_files/cov_desy3
54	:	1707192005.755	     0.243	0	0	0	11	./cov 54 ini_files/cov_desy3
124	:	1707192005.999	     0.003	0	0	0	11	./cov 124 ini_files/cov_desy3
125	:	1707192006.002	     0.003	0	0	0	11	./cov 125 ini_files/cov_desy3
126	:	1707192006.006	     0.003	0	0	0	11	./cov 126 ini_files/cov_desy3
127	:	1707192006.010	     0.003	0	0	0	11	./cov 127 ini_files/cov_desy3
128	:	1707192006.013	     0.003	0	0	0	11	./cov 128 ini_files/cov_desy3
129	:	1707192006.016	     0.003	0	0	0	11	./cov 129 ini_files/cov_desy3
61	:	1707192005.781	     0.240	0	0	0	11	./cov 61 ini_files/cov_desy3
131	:	1707192006.023	     0.003	0	0	0	11	./cov 131 ini_files/cov_desy3
132	:	1707192006.026	     0.006	0	0	0	11	./cov 132 ini_files/cov_desy3
133	:	1707192006.029	     0.003	0	0	0	11	./cov 133 ini_files/cov_desy3
134	:	1707192006.032	     0.003	0	0	0	11	./cov 134 ini_files/cov_desy3
135	:	1707192006.036	     0.003	0	0	0	11	./cov 135 ini_files/cov_desy3
136	:	1707192006.039	     0.003	0	0	0	11	./cov 136 ini_files/cov_desy3
67	:	1707192005.804	     0.241	0	0	0	11	./cov 67 ini_files/cov_desy3
138	:	1707192006.045	     0.003	0	0	0	11	./cov 138 ini_files/cov_desy3
139	:	1707192006.049	     0.006	0	0	0	11	./cov 139 ini_files/cov_desy3
140	:	1707192006.052	     0.004	0	0	0	11	./cov 140 ini_files/cov_desy3
141	:	1707192006.056	     0.003	0	0	0	11	./cov 141 ini_files/cov_desy3
142	:	1707192006.059	     0.003	0	0	0	11	./cov 142 ini_files/cov_desy3
143	:	1707192006.063	     0.003	0	0	0	11	./cov 143 ini_files/cov_desy3
74	:	1707192005.829	     0.237	0	0	0	11	./cov 74 ini_files/cov_desy3
145	:	1707192006.070	     0.003	0	0	0	11	./cov 145 ini_files/cov_desy3
146	:	1707192006.073	     0.003	0	0	0	11	./cov 146 ini_files/cov_desy3
147	:	1707192006.076	     0.003	0	0	0	11	./cov 147 ini_files/cov_desy3
148	:	1707192006.079	     0.003	0	0	0	11	./cov 148 ini_files/cov_desy3
149	:	1707192006.082	     0.003	0	0	0	11	./cov 149 ini_files/cov_desy3
150	:	1707192006.086	     0.003	0	0	0	11	./cov 150 ini_files/cov_desy3
80	:	1707192005.851	     0.243	0	0	0	11	./cov 80 ini_files/cov_desy3
152	:	1707192006.091	     0.003	0	0	0	11	./cov 152 ini_files/cov_desy3
153	:	1707192006.094	     0.002	0	0	0	11	./cov 153 ini_files/cov_desy3
154	:	1707192006.097	     0.003	0	0	0	11	./cov 154 ini_files/cov_desy3
155	:	1707192006.100	     0.003	0	0	0	11	./cov 155 ini_files/cov_desy3
156	:	1707192006.103	     0.003	0	0	0	11	./cov 156 ini_files/cov_desy3
157	:	1707192006.106	     0.003	0	0	0	11	./cov 157 ini_files/cov_desy3
158	:	1707192006.109	     0.003	0	0	0	11	./cov 158 ini_files/cov_desy3
87	:	1707192005.875	     0.243	0	0	0	11	./cov 87 ini_files/cov_desy3
159	:	1707192006.112	     0.006	0	0	0	11	./cov 159 ini_files/cov_desy3
161	:	1707192006.117	     0.003	0	0	0	11	./cov 161 ini_files/cov_desy3
162	:	1707192006.120	     0.004	0	0	0	11	./cov 162 ini_files/cov_desy3
163	:	1707192006.124	     0.004	0	0	0	11	./cov 163 ini_files/cov_desy3
164	:	1707192006.127	     0.003	0	0	0	11	./cov 164 ini_files/cov_desy3
165	:	1707192006.129	     0.006	0	0	0	11	./cov 165 ini_files/cov_desy3
166	:	1707192006.133	     0.003	0	0	0	11	./cov 166 ini_files/cov_desy3
95	:	1707192005.900	     0.238	0	0	0	11	./cov 95 ini_files/cov_desy3
168	:	1707192006.138	     0.004	0	0	0	11	./cov 168 ini_files/cov_desy3
169	:	1707192006.142	     0.008	0	0	0	11	./cov 169 ini_files/cov_desy3
170	:	1707192006.146	     0.004	0	0	0	11	./cov 170 ini_files/cov_desy3
171	:	1707192006.149	     0.005	0	0	0	11	./cov 171 ini_files/cov_desy3
172	:	1707192006.153	     0.003	0	0	0	11	./cov 172 ini_files/cov_desy3
173	:	1707192006.156	     0.004	0	0	0	11	./cov 173 ini_files/cov_desy3
102	:	1707192005.925	     0.238	0	0	0	11	./cov 102 ini_files/cov_desy3
175	:	1707192006.163	     0.003	0	0	0	11	./cov 175 ini_files/cov_desy3
176	:	1707192006.167	     0.003	0	0	0	11	./cov 176 ini_files/cov_desy3
177	:	1707192006.170	     0.006	0	0	0	11	./cov 177 ini_files/cov_desy3
178	:	1707192006.173	     0.004	0	0	0	11	./cov 178 ini_files/cov_desy3
179	:	1707192006.177	     0.003	0	0	0	11	./cov 179 ini_files/cov_desy3
180	:	1707192006.181	     0.003	0	0	0	11	./cov 180 ini_files/cov_desy3
109	:	1707192005.950	     0.236	0	0	0	11	./cov 109 ini_files/cov_desy3
182	:	1707192006.187	     0.003	0	0	0	11	./cov 182 ini_files/cov_desy3
183	:	1707192006.190	     0.007	0	0	0	11	./cov 183 ini_files/cov_desy3
184	:	1707192006.194	     0.004	0	0	0	11	./cov 184 ini_files/cov_desy3
185	:	1707192006.198	     0.003	0	0	0	11	./cov 185 ini_files/cov_desy3
186	:	1707192006.202	     0.003	0	0	0	11	./cov 186 ini_files/cov_desy3
187	:	1707192006.205	     0.003	0	0	0	11	./cov 187 ini_files/cov_desy3
115	:	1707192005.971	     0.240	0	0	0	11	./cov 115 ini_files/cov_desy3
189	:	1707192006.212	     0.003	0	0	0	11	./cov 189 ini_files/cov_desy3
190	:	1707192006.215	     0.004	0	0	0	11	./cov 190 ini_files/cov_desy3
191	:	1707192006.219	     0.002	0	0	0	11	./cov 191 ini_files/cov_desy3
192	:	1707192006.222	     0.004	0	0	0	11	./cov 192 ini_files/cov_desy3
193	:	1707192006.225	     0.006	0	0	0	11	./cov 193 ini_files/cov_desy3
194	:	1707192006.228	     0.004	0	0	0	11	./cov 194 ini_files/cov_desy3
195	:	1707192006.231	     0.003	0	0	0	11	./cov 195 ini_files/cov_desy3
123	:	1707192005.996	     0.240	0	0	0	11	./cov 123 ini_files/cov_desy3
197	:	1707192006.237	     0.003	0	0	0	11	./cov 197 ini_files/cov_desy3
198	:	1707192006.241	     0.003	0	0	0	11	./cov 198 ini_files/cov_desy3
199	:	1707192006.244	     0.003	0	0	0	11	./cov 199 ini_files/cov_desy3
200	:	1707192006.248	     0.003	0	0	0	11	./cov 200 ini_files/cov_desy3
201	:	1707192006.251	     0.004	0	0	0	11	./cov 201 ini_files/cov_desy3
202	:	1707192006.254	     0.003	0	0	0	11	./cov 202 ini_files/cov_desy3
130	:	1707192006.020	     0.240	0	0	0	11	./cov 130 ini_files/cov_desy3
204	:	1707192006.261	     0.004	0	0	0	11	./cov 204 ini_files/cov_desy3
205	:	1707192006.265	     0.003	0	0	0	11	./cov 205 ini_files/cov_desy3
206	:	1707192006.268	     0.004	0	0	0	11	./cov 206 ini_files/cov_desy3
207	:	1707192006.272	     0.003	0	0	0	11	./cov 207 ini_files/cov_desy3
208	:	1707192006.276	     0.003	0	0	0	11	./cov 208 ini_files/cov_desy3
137	:	1707192006.042	     0.241	0	0	0	11	./cov 137 ini_files/cov_desy3
210	:	1707192006.283	     0.003	0	0	0	11	./cov 210 ini_files/cov_desy3
211	:	1707192006.287	     0.003	0	0	0	11	./cov 211 ini_files/cov_desy3
212	:	1707192006.290	     0.008	0	0	0	11	./cov 212 ini_files/cov_desy3
213	:	1707192006.294	     0.004	0	0	0	11	./cov 213 ini_files/cov_desy3
214	:	1707192006.297	     0.004	0	0	0	11	./cov 214 ini_files/cov_desy3
144	:	1707192006.066	     0.237	0	0	0	11	./cov 144 ini_files/cov_desy3
216	:	1707192006.304	     0.004	0	0	0	11	./cov 216 ini_files/cov_desy3
217	:	1707192006.308	     0.003	0	0	0	11	./cov 217 ini_files/cov_desy3
218	:	1707192006.311	     0.003	0	0	0	11	./cov 218 ini_files/cov_desy3
219	:	1707192006.315	     0.003	0	0	0	11	./cov 219 ini_files/cov_desy3
220	:	1707192006.318	     0.005	0	0	0	11	./cov 220 ini_files/cov_desy3
221	:	1707192006.321	     0.003	0	0	0	11	./cov 221 ini_files/cov_desy3
222	:	1707192006.324	     0.004	0	0	0	11	./cov 222 ini_files/cov_desy3
151	:	1707192006.088	     0.240	0	0	0	11	./cov 151 ini_files/cov_desy3
224	:	1707192006.331	     0.003	0	0	0	11	./cov 224 ini_files/cov_desy3
225	:	1707192006.334	     0.002	0	0	0	11	./cov 225 ini_files/cov_desy3
226	:	1707192006.337	     0.004	0	0	0	11	./cov 226 ini_files/cov_desy3
227	:	1707192006.341	     0.003	0	0	0	11	./cov 227 ini_files/cov_desy3
228	:	1707192006.344	     0.003	0	0	0	11	./cov 228 ini_files/cov_desy3
160	:	1707192006.115	     0.239	0	0	0	11	./cov 160 ini_files/cov_desy3
229	:	1707192006.347	     0.007	0	0	0	11	./cov 229 ini_files/cov_desy3
231	:	1707192006.353	     0.005	0	0	0	11	./cov 231 ini_files/cov_desy3
232	:	1707192006.357	     0.005	0	0	0	11	./cov 232 ini_files/cov_desy3
233	:	1707192006.361	     0.006	0	0	0	11	./cov 233 ini_files/cov_desy3
234	:	1707192006.363	     0.004	0	0	0	11	./cov 234 ini_files/cov_desy3
235	:	1707192006.366	     0.006	0	0	0	11	./cov 235 ini_files/cov_desy3
236	:	1707192006.370	     0.003	0	0	0	11	./cov 236 ini_files/cov_desy3
237	:	1707192006.372	     0.003	0	0	0	11	./cov 237 ini_files/cov_desy3
167	:	1707192006.135	     0.243	0	0	0	11	./cov 167 ini_files/cov_desy3
239	:	1707192006.379	     0.003	0	0	0	11	./cov 239 ini_files/cov_desy3
240	:	1707192006.383	     0.007	0	0	0	11	./cov 240 ini_files/cov_desy3
241	:	1707192006.386	     0.004	0	0	0	11	./cov 241 ini_files/cov_desy3
242	:	1707192006.389	     0.003	0	0	0	11	./cov 242 ini_files/cov_desy3
243	:	1707192006.393	     0.006	0	0	0	11	./cov 243 ini_files/cov_desy3
244	:	1707192006.396	     0.003	0	0	0	11	./cov 244 ini_files/cov_desy3
174	:	1707192006.160	     0.241	0	0	0	11	./cov 174 ini_files/cov_desy3
246	:	1707192006.402	     0.003	0	0	0	11	./cov 246 ini_files/cov_desy3
247	:	1707192006.405	     0.003	0	0	0	11	./cov 247 ini_files/cov_desy3
248	:	1707192006.409	     0.003	0	0	0	11	./cov 248 ini_files/cov_desy3
249	:	1707192006.412	     0.003	0	0	0	11	./cov 249 ini_files/cov_desy3
250	:	1707192006.415	     0.003	0	0	0	11	./cov 250 ini_files/cov_desy3
251	:	1707192006.419	     0.003	0	0	0	11	./cov 251 ini_files/cov_desy3
252	:	1707192006.422	     0.003	0	0	0	11	./cov 252 ini_files/cov_desy3
181	:	1707192006.184	     0.242	0	0	0	11	./cov 181 ini_files/cov_desy3
254	:	1707192006.429	     0.003	0	0	0	11	./cov 254 ini_files/cov_desy3
255	:	1707192006.432	     0.004	0	0	0	11	./cov 255 ini_files/cov_desy3
256	:	1707192006.436	     0.002	0	0	0	11	./cov 256 ini_files/cov_desy3
257	:	1707192006.439	     0.003	0	0	0	11	./cov 257 ini_files/cov_desy3
188	:	1707192006.208	     0.240	0	0	0	11	./cov 188 ini_files/cov_desy3
258	:	1707192006.442	     0.006	0	0	0	11	./cov 258 ini_files/cov_desy3
260	:	1707192006.448	     0.003	0	0	0	11	./cov 260 ini_files/cov_desy3
261	:	1707192006.451	     0.005	0	0	0	11	./cov 261 ini_files/cov_desy3
262	:	1707192006.455	     0.006	0	0	0	11	./cov 262 ini_files/cov_desy3
263	:	1707192006.459	     0.003	0	0	0	11	./cov 263 ini_files/cov_desy3
264	:	1707192006.462	     0.003	0	0	0	11	./cov 264 ini_files/cov_desy3
265	:	1707192006.465	     0.003	0	0	0	11	./cov 265 ini_files/cov_desy3
196	:	1707192006.234	     0.239	0	0	0	11	./cov 196 ini_files/cov_desy3
266	:	1707192006.468	     0.006	0	0	0	11	./cov 266 ini_files/cov_desy3
268	:	1707192006.473	     0.003	0	0	0	11	./cov 268 ini_files/cov_desy3
269	:	1707192006.477	     0.003	0	0	0	11	./cov 269 ini_files/cov_desy3
270	:	1707192006.481	     0.003	0	0	0	11	./cov 270 ini_files/cov_desy3
271	:	1707192006.484	     0.003	0	0	0	11	./cov 271 ini_files/cov_desy3
272	:	1707192006.487	     0.003	0	0	0	11	./cov 272 ini_files/cov_desy3
273	:	1707192006.491	     0.003	0	0	0	11	./cov 273 ini_files/cov_desy3
203	:	1707192006.258	     0.240	0	0	0	11	./cov 203 ini_files/cov_desy3
274	:	1707192006.495	     0.004	0	0	0	11	./cov 274 ini_files/cov_desy3
276	:	1707192006.501	     0.005	0	0	0	11	./cov 276 ini_files/cov_desy3
277	:	1707192006.503	     0.003	0	0	0	11	./cov 277 ini_files/cov_desy3
278	:	1707192006.506	     0.003	0	0	0	11	./cov 278 ini_files/cov_desy3
279	:	1707192006.509	     0.003	0	0	0	11	./cov 279 ini_files/cov_desy3
280	:	1707192006.512	     0.003	0	0	0	11	./cov 280 ini_files/cov_desy3
209	:	1707192006.279	     0.240	0	0	0	11	./cov 209 ini_files/cov_desy3
282	:	1707192006.519	     0.003	0	0	0	11	./cov 282 ini_files/cov_desy3
283	:	1707192006.522	     0.003	0	0	0	11	./cov 283 ini_files/cov_desy3
284	:	1707192006.525	     0.003	0	0	0	11	./cov 284 ini_files/cov_desy3
285	:	1707192006.528	     0.002	0	0	0	11	./cov 285 ini_files/cov_desy3
215	:	1707192006.301	     0.232	0	0	0	11	./cov 215 ini_files/cov_desy3
286	:	1707192006.531	     0.004	0	0	0	11	./cov 286 ini_files/cov_desy3
288	:	1707192006.537	     0.006	0	0	0	11	./cov 288 ini_files/cov_desy3
289	:	1707192006.540	     0.003	0	0	0	11	./cov 289 ini_files/cov_desy3
290	:	1707192006.544	     0.003	0	0	0	11	./cov 290 ini_files/cov_desy3
291	:	1707192006.547	     0.004	0	0	0	11	./cov 291 ini_files/cov_desy3
292	:	1707192006.551	     0.002	0	0	0	11	./cov 292 ini_files/cov_desy3
223	:	1707192006.327	     0.230	0	0	0	11	./cov 223 ini_files/cov_desy3
293	:	1707192006.554	     0.004	0	0	0	11	./cov 293 ini_files/cov_desy3
295	:	1707192006.560	     0.006	0	0	0	11	./cov 295 ini_files/cov_desy3
296	:	1707192006.563	     0.003	0	0	0	11	./cov 296 ini_files/cov_desy3
297	:	1707192006.566	     0.003	0	0	0	11	./cov 297 ini_files/cov_desy3
298	:	1707192006.570	     0.005	0	0	0	11	./cov 298 ini_files/cov_desy3
299	:	1707192006.572	     0.003	0	0	0	11	./cov 299 ini_files/cov_desy3
300	:	1707192006.575	     0.003	0	0	0	11	./cov 300 ini_files/cov_desy3
230	:	1707192006.351	     0.227	0	0	0	11	./cov 230 ini_files/cov_desy3
302	:	1707192006.582	     0.006	0	0	0	11	./cov 302 ini_files/cov_desy3
303	:	1707192006.585	     0.003	0	0	0	11	./cov 303 ini_files/cov_desy3
304	:	1707192006.588	     0.003	0	0	0	11	./cov 304 ini_files/cov_desy3
305	:	1707192006.591	     0.006	0	0	0	11	./cov 305 ini_files/cov_desy3
306	:	1707192006.595	     0.003	0	0	0	11	./cov 306 ini_files/cov_desy3
238	:	1707192006.376	     0.225	0	0	0	11	./cov 238 ini_files/cov_desy3
308	:	1707192006.601	     0.003	0	0	0	11	./cov 308 ini_files/cov_desy3
309	:	1707192006.604	     0.003	0	0	0	11	./cov 309 ini_files/cov_desy3
310	:	1707192006.608	     0.003	0	0	0	11	./cov 310 ini_files/cov_desy3
311	:	1707192006.611	     0.003	0	0	0	11	./cov 311 ini_files/cov_desy3
312	:	1707192006.615	     0.003	0	0	0	11	./cov 312 ini_files/cov_desy3
245	:	1707192006.399	     0.222	0	0	0	11	./cov 245 ini_files/cov_desy3
314	:	1707192006.621	     0.006	0	0	0	11	./cov 314 ini_files/cov_desy3
315	:	1707192006.623	     0.004	0	0	0	11	./cov 315 ini_files/cov_desy3
316	:	1707192006.626	     0.004	0	0	0	11	./cov 316 ini_files/cov_desy3
317	:	1707192006.630	     0.002	0	0	0	11	./cov 317 ini_files/cov_desy3
318	:	1707192006.633	     0.003	0	0	0	11	./cov 318 ini_files/cov_desy3
319	:	1707192006.636	     0.004	0	0	0	11	./cov 319 ini_files/cov_desy3
253	:	1707192006.425	     0.217	0	0	0	11	./cov 253 ini_files/cov_desy3
321	:	1707192006.642	     0.003	0	0	0	11	./cov 321 ini_files/cov_desy3
322	:	1707192006.646	     0.003	0	0	0	11	./cov 322 ini_files/cov_desy3
323	:	1707192006.648	     0.006	0	0	0	11	./cov 323 ini_files/cov_desy3
324	:	1707192006.651	     0.003	0	0	0	11	./cov 324 ini_files/cov_desy3
325	:	1707192006.654	     0.003	0	0	0	11	./cov 325 ini_files/cov_desy3
259	:	1707192006.445	     0.219	0	0	0	11	./cov 259 ini_files/cov_desy3
326	:	1707192006.658	     0.006	0	0	0	11	./cov 326 ini_files/cov_desy3
328	:	1707192006.664	     0.003	0	0	0	11	./cov 328 ini_files/cov_desy3
329	:	1707192006.668	     0.003	0	0	0	11	./cov 329 ini_files/cov_desy3
330	:	1707192006.671	     0.003	0	0	0	11	./cov 330 ini_files/cov_desy3
331	:	1707192006.674	     0.003	0	0	0	11	./cov 331 ini_files/cov_desy3
332	:	1707192006.677	     0.003	0	0	0	11	./cov 332 ini_files/cov_desy3
267	:	1707192006.471	     0.212	0	0	0	11	./cov 267 ini_files/cov_desy3
333	:	1707192006.680	     0.003	0	0	0	11	./cov 333 ini_files/cov_desy3
335	:	1707192006.686	     0.002	0	0	0	11	./cov 335 ini_files/cov_desy3
336	:	1707192006.689	     0.006	0	0	0	11	./cov 336 ini_files/cov_desy3
337	:	1707192006.692	     0.004	0	0	0	11	./cov 337 ini_files/cov_desy3
338	:	1707192006.695	     0.003	0	0	0	11	./cov 338 ini_files/cov_desy3
339	:	1707192006.699	     0.003	0	0	0	11	./cov 339 ini_files/cov_desy3
340	:	1707192006.702	     0.003	0	0	0	11	./cov 340 ini_files/cov_desy3
281	:	1707192006.516	     0.191	0	0	0	11	./cov 281 ini_files/cov_desy3
342	:	1707192006.708	     0.006	0	0	0	11	./cov 342 ini_files/cov_desy3
343	:	1707192006.711	     0.003	0	0	0	11	./cov 343 ini_files/cov_desy3
344	:	1707192006.714	     0.003	0	0	0	11	./cov 344 ini_files/cov_desy3
345	:	1707192006.718	     0.003	0	0	0	11	./cov 345 ini_files/cov_desy3
346	:	1707192006.721	     0.003	0	0	0	11	./cov 346 ini_files/cov_desy3
275	:	1707192006.498	     0.229	0	0	0	11	./cov 275 ini_files/cov_desy3
347	:	1707192006.723	     0.003	0	0	0	11	./cov 347 ini_files/cov_desy3
349	:	1707192006.730	     0.003	0	0	0	11	./cov 349 ini_files/cov_desy3
350	:	1707192006.733	     0.003	0	0	0	11	./cov 350 ini_files/cov_desy3
351	:	1707192006.736	     0.003	0	0	0	11	./cov 351 ini_files/cov_desy3
352	:	1707192006.739	     0.003	0	0	0	11	./cov 352 ini_files/cov_desy3
353	:	1707192006.742	     0.002	0	0	0	11	./cov 353 ini_files/cov_desy3
287	:	1707192006.534	     0.213	0	0	0	11	./cov 287 ini_files/cov_desy3
355	:	1707192006.747	     0.003	0	0	0	11	./cov 355 ini_files/cov_desy3
356	:	1707192006.750	     0.003	0	0	0	11	./cov 356 ini_files/cov_desy3
357	:	1707192006.753	     0.003	0	0	0	11	./cov 357 ini_files/cov_desy3
358	:	1707192006.757	     0.003	0	0	0	11	./cov 358 ini_files/cov_desy3
359	:	1707192006.760	     0.003	0	0	0	11	./cov 359 ini_files/cov_desy3
294	:	1707192006.557	     0.206	0	0	0	11	./cov 294 ini_files/cov_desy3
361	:	1707192006.766	     0.003	0	0	0	11	./cov 361 ini_files/cov_desy3
362	:	1707192006.769	     0.003	0	0	0	11	./cov 362 ini_files/cov_desy3
363	:	1707192006.773	     0.005	0	0	0	11	./cov 363 ini_files/cov_desy3
364	:	1707192006.775	     0.003	0	0	0	11	./cov 364 ini_files/cov_desy3
365	:	1707192006.778	     0.003	0	0	0	11	./cov 365 ini_files/cov_desy3
366	:	1707192006.782	     0.003	0	0	0	11	./cov 366 ini_files/cov_desy3
301	:	1707192006.579	     0.209	0	0	0	11	./cov 301 ini_files/cov_desy3
368	:	1707192006.788	     0.002	0	0	0	11	./cov 368 ini_files/cov_desy3
369	:	1707192006.791	     0.006	0	0	0	11	./cov 369 ini_files/cov_desy3
370	:	1707192006.794	     0.004	0	0	0	11	./cov 370 ini_files/cov_desy3
371	:	1707192006.797	     0.004	0	0	0	11	./cov 371 ini_files/cov_desy3
372	:	1707192006.801	     0.002	0	0	0	11	./cov 372 ini_files/cov_desy3
373	:	1707192006.804	     0.003	0	0	0	11	./cov 373 ini_files/cov_desy3
307	:	1707192006.598	     0.211	0	0	0	11	./cov 307 ini_files/cov_desy3
375	:	1707192006.810	     0.006	0	0	0	11	./cov 375 ini_files/cov_desy3
376	:	1707192006.813	     0.003	0	0	0	11	./cov 376 ini_files/cov_desy3
377	:	1707192006.815	     0.006	0	0	0	11	./cov 377 ini_files/cov_desy3
378	:	1707192006.818	     0.004	0	0	0	11	./cov 378 ini_files/cov_desy3
379	:	1707192006.821	     0.002	0	0	0	11	./cov 379 ini_files/cov_desy3
380	:	1707192006.823	     0.003	0	0	0	11	./cov 380 ini_files/cov_desy3
381	:	1707192006.826	     0.002	0	0	0	11	./cov 381 ini_files/cov_desy3
320	:	1707192006.639	     0.192	0	0	0	11	./cov 320 ini_files/cov_desy3
383	:	1707192006.831	     0.003	0	0	0	11	./cov 383 ini_files/cov_desy3
384	:	1707192006.834	     0.002	0	0	0	11	./cov 384 ini_files/cov_desy3
385	:	1707192006.837	     0.003	0	0	0	11	./cov 385 ini_files/cov_desy3
386	:	1707192006.840	     0.005	0	0	0	11	./cov 386 ini_files/cov_desy3
387	:	1707192006.842	     0.003	0	0	0	11	./cov 387 ini_files/cov_desy3
388	:	1707192006.845	     0.004	0	0	0	11	./cov 388 ini_files/cov_desy3
389	:	1707192006.847	     0.004	0	0	0	11	./cov 389 ini_files/cov_desy3
390	:	1707192006.850	     0.003	0	0	0	11	./cov 390 ini_files/cov_desy3
313	:	1707192006.618	     0.239	0	0	0	11	./cov 313 ini_files/cov_desy3
392	:	1707192006.857	     0.002	0	0	0	11	./cov 392 ini_files/cov_desy3
393	:	1707192006.860	     0.006	0	0	0	11	./cov 393 ini_files/cov_desy3
394	:	1707192006.863	     0.004	0	0	0	11	./cov 394 ini_files/cov_desy3
395	:	1707192006.866	     0.006	0	0	0	11	./cov 395 ini_files/cov_desy3
396	:	1707192006.869	     0.003	0	0	0	11	./cov 396 ini_files/cov_desy3
397	:	1707192006.872	     0.003	0	0	0	11	./cov 397 ini_files/cov_desy3
327	:	1707192006.661	     0.217	0	0	0	11	./cov 327 ini_files/cov_desy3
399	:	1707192006.878	     0.003	0	0	0	11	./cov 399 ini_files/cov_desy3
400	:	1707192006.882	     0.003	0	0	0	11	./cov 400 ini_files/cov_desy3
401	:	1707192006.885	     0.003	0	0	0	11	./cov 401 ini_files/cov_desy3
402	:	1707192006.888	     0.003	0	0	0	11	./cov 402 ini_files/cov_desy3
403	:	1707192006.891	     0.003	0	0	0	11	./cov 403 ini_files/cov_desy3
404	:	1707192006.893	     0.004	0	0	0	11	./cov 404 ini_files/cov_desy3
334	:	1707192006.683	     0.217	0	0	0	11	./cov 334 ini_files/cov_desy3
406	:	1707192006.899	     0.004	0	0	0	11	./cov 406 ini_files/cov_desy3
407	:	1707192006.903	     0.003	0	0	0	11	./cov 407 ini_files/cov_desy3
408	:	1707192006.907	     0.003	0	0	0	11	./cov 408 ini_files/cov_desy3
409	:	1707192006.910	     0.003	0	0	0	11	./cov 409 ini_files/cov_desy3
410	:	1707192006.913	     0.002	0	0	0	11	./cov 410 ini_files/cov_desy3
411	:	1707192006.916	     0.003	0	0	0	11	./cov 411 ini_files/cov_desy3
341	:	1707192006.705	     0.213	0	0	0	11	./cov 341 ini_files/cov_desy3
413	:	1707192006.922	     0.005	0	0	0	11	./cov 413 ini_files/cov_desy3
414	:	1707192006.924	     0.003	0	0	0	11	./cov 414 ini_files/cov_desy3
415	:	1707192006.927	     0.003	0	0	0	11	./cov 415 ini_files/cov_desy3
416	:	1707192006.930	     0.003	0	0	0	11	./cov 416 ini_files/cov_desy3
417	:	1707192006.933	     0.003	0	0	0	11	./cov 417 ini_files/cov_desy3
418	:	1707192006.936	     0.003	0	0	0	11	./cov 418 ini_files/cov_desy3
348	:	1707192006.726	     0.215	0	0	0	11	./cov 348 ini_files/cov_desy3
420	:	1707192006.942	     0.004	0	0	0	11	./cov 420 ini_files/cov_desy3
421	:	1707192006.945	     0.003	0	0	0	11	./cov 421 ini_files/cov_desy3
422	:	1707192006.948	     0.003	0	0	0	11	./cov 422 ini_files/cov_desy3
423	:	1707192006.952	     0.003	0	0	0	11	./cov 423 ini_files/cov_desy3
424	:	1707192006.955	     0.005	0	0	0	11	./cov 424 ini_files/cov_desy3
354	:	1707192006.744	     0.217	0	0	0	11	./cov 354 ini_files/cov_desy3
425	:	1707192006.958	     0.005	0	0	0	11	./cov 425 ini_files/cov_desy3
427	:	1707192006.962	     0.004	0	0	0	11	./cov 427 ini_files/cov_desy3
428	:	1707192006.966	     0.003	0	0	0	11	./cov 428 ini_files/cov_desy3
429	:	1707192006.969	     0.005	0	0	0	11	./cov 429 ini_files/cov_desy3
430	:	1707192006.971	     0.003	0	0	0	11	./cov 430 ini_files/cov_desy3
431	:	1707192006.975	     0.003	0	0	0	11	./cov 431 ini_files/cov_desy3
432	:	1707192006.978	     0.004	0	0	0	11	./cov 432 ini_files/cov_desy3
360	:	1707192006.763	     0.219	0	0	0	11	./cov 360 ini_files/cov_desy3
434	:	1707192006.985	     0.006	0	0	0	11	./cov 434 ini_files/cov_desy3
435	:	1707192006.987	     0.003	0	0	0	11	./cov 435 ini_files/cov_desy3
436	:	1707192006.991	     0.003	0	0	0	11	./cov 436 ini_files/cov_desy3
437	:	1707192006.994	     0.003	0	0	0	11	./cov 437 ini_files/cov_desy3
438	:	1707192006.997	     0.003	0	0	0	11	./cov 438 ini_files/cov_desy3
439	:	1707192007.000	     0.003	0	0	0	11	./cov 439 ini_files/cov_desy3
367	:	1707192006.785	     0.217	0	0	0	11	./cov 367 ini_files/cov_desy3
441	:	1707192007.006	     0.006	0	0	0	11	./cov 441 ini_files/cov_desy3
442	:	1707192007.009	     0.003	0	0	0	11	./cov 442 ini_files/cov_desy3
443	:	1707192007.012	     0.003	0	0	0	11	./cov 443 ini_files/cov_desy3
444	:	1707192007.016	     0.003	0	0	0	11	./cov 444 ini_files/cov_desy3
445	:	1707192007.019	     0.003	0	0	0	11	./cov 445 ini_files/cov_desy3
446	:	1707192007.022	     0.003	0	0	0	11	./cov 446 ini_files/cov_desy3
374	:	1707192006.807	     0.218	0	0	0	11	./cov 374 ini_files/cov_desy3
448	:	1707192007.028	     0.002	0	0	0	11	./cov 448 ini_files/cov_desy3
449	:	1707192007.031	     0.003	0	0	0	11	./cov 449 ini_files/cov_desy3
450	:	1707192007.034	     0.003	0	0	0	11	./cov 450 ini_files/cov_desy3
451	:	1707192007.037	     0.003	0	0	0	11	./cov 451 ini_files/cov_desy3
452	:	1707192007.040	     0.003	0	0	0	11	./cov 452 ini_files/cov_desy3
391	:	1707192006.853	     0.193	0	0	0	11	./cov 391 ini_files/cov_desy3
454	:	1707192007.046	     0.003	0	0	0	11	./cov 454 ini_files/cov_desy3
455	:	1707192007.049	     0.003	0	0	0	11	./cov 455 ini_files/cov_desy3
456	:	1707192007.053	     0.005	0	0	0	11	./cov 456 ini_files/cov_desy3
457	:	1707192007.055	     0.006	0	0	0	11	./cov 457 ini_files/cov_desy3
458	:	1707192007.058	     0.003	0	0	0	11	./cov 458 ini_files/cov_desy3
459	:	1707192007.061	     0.002	0	0	0	11	./cov 459 ini_files/cov_desy3
460	:	1707192007.064	     0.002	0	0	0	11	./cov 460 ini_files/cov_desy3
382	:	1707192006.828	     0.240	0	0	0	11	./cov 382 ini_files/cov_desy3
462	:	1707192007.069	     0.004	0	0	0	11	./cov 462 ini_files/cov_desy3
463	:	1707192007.071	     0.003	0	0	0	11	./cov 463 ini_files/cov_desy3
464	:	1707192007.074	     0.006	0	0	0	11	./cov 464 ini_files/cov_desy3
465	:	1707192007.078	     0.003	0	0	0	11	./cov 465 ini_files/cov_desy3
466	:	1707192007.080	     0.003	0	0	0	11	./cov 466 ini_files/cov_desy3
467	:	1707192007.082	     0.003	0	0	0	11	./cov 467 ini_files/cov_desy3
468	:	1707192007.085	     0.004	0	0	0	11	./cov 468 ini_files/cov_desy3
469	:	1707192007.087	     0.003	0	0	0	11	./cov 469 ini_files/cov_desy3
398	:	1707192006.875	     0.217	0	0	0	11	./cov 398 ini_files/cov_desy3
471	:	1707192007.093	     0.003	0	0	0	11	./cov 471 ini_files/cov_desy3
472	:	1707192007.096	     0.003	0	0	0	11	./cov 472 ini_files/cov_desy3
473	:	1707192007.099	     0.003	0	0	0	11	./cov 473 ini_files/cov_desy3
474	:	1707192007.102	     0.003	0	0	0	11	./cov 474 ini_files/cov_desy3
475	:	1707192007.106	     0.003	0	0	0	11	./cov 475 ini_files/cov_desy3
405	:	1707192006.896	     0.213	0	0	0	11	./cov 405 ini_files/cov_desy3
477	:	1707192007.112	     0.006	0	0	0	11	./cov 477 ini_files/cov_desy3
478	:	1707192007.115	     0.003	0	0	0	11	./cov 478 ini_files/cov_desy3
479	:	1707192007.118	     0.004	0	0	0	11	./cov 479 ini_files/cov_desy3
480	:	1707192007.121	     0.004	0	0	0	11	./cov 480 ini_files/cov_desy3
481	:	1707192007.123	     0.004	0	0	0	11	./cov 481 ini_files/cov_desy3
482	:	1707192007.126	     0.004	0	0	0	11	./cov 482 ini_files/cov_desy3
412	:	1707192006.919	     0.211	0	0	0	11	./cov 412 ini_files/cov_desy3
484	:	1707192007.132	     0.006	0	0	0	11	./cov 484 ini_files/cov_desy3
485	:	1707192007.135	     0.003	0	0	0	11	./cov 485 ini_files/cov_desy3
486	:	1707192007.137	     0.003	0	0	0	11	./cov 486 ini_files/cov_desy3
487	:	1707192007.141	     0.003	0	0	0	11	./cov 487 ini_files/cov_desy3
488	:	1707192007.144	     0.003	0	0	0	11	./cov 488 ini_files/cov_desy3
419	:	1707192006.939	     0.212	0	0	0	11	./cov 419 ini_files/cov_desy3
489	:	1707192007.148	     0.003	0	0	0	11	./cov 489 ini_files/cov_desy3
491	:	1707192007.154	     0.006	0	0	0	11	./cov 491 ini_files/cov_desy3
492	:	1707192007.158	     0.003	0	0	0	11	./cov 492 ini_files/cov_desy3
493	:	1707192007.161	     0.003	0	0	0	11	./cov 493 ini_files/cov_desy3
494	:	1707192007.164	     0.003	0	0	0	11	./cov 494 ini_files/cov_desy3
426	:	1707192006.960	     0.213	0	0	0	11	./cov 426 ini_files/cov_desy3
495	:	1707192007.168	     0.006	0	0	0	11	./cov 495 ini_files/cov_desy3
497	:	1707192007.173	     0.003	0	0	0	11	./cov 497 ini_files/cov_desy3
498	:	1707192007.176	     0.005	0	0	0	11	./cov 498 ini_files/cov_desy3
499	:	1707192007.179	     0.003	0	0	0	11	./cov 499 ini_files/cov_desy3
500	:	1707192007.182	     0.005	0	0	0	11	./cov 500 ini_files/cov_desy3
501	:	1707192007.184	     0.003	0	0	0	11	./cov 501 ini_files/cov_desy3
502	:	1707192007.187	     0.006	0	0	0	11	./cov 502 ini_files/cov_desy3
433	:	1707192006.981	     0.213	0	0	0	11	./cov 433 ini_files/cov_desy3
503	:	1707192007.190	     0.006	0	0	0	11	./cov 503 ini_files/cov_desy3
505	:	1707192007.195	     0.003	0	0	0	11	./cov 505 ini_files/cov_desy3
506	:	1707192007.199	     0.006	0	0	0	11	./cov 506 ini_files/cov_desy3
507	:	1707192007.202	     0.003	0	0	0	11	./cov 507 ini_files/cov_desy3
508	:	1707192007.205	     0.006	0	0	0	11	./cov 508 ini_files/cov_desy3
509	:	1707192007.208	     0.003	0	0	0	11	./cov 509 ini_files/cov_desy3
510	:	1707192007.211	     0.005	0	0	0	11	./cov 510 ini_files/cov_desy3
511	:	1707192007.214	     0.003	0	0	0	11	./cov 511 ini_files/cov_desy3
440	:	1707192007.002	     0.217	0	0	0	11	./cov 440 ini_files/cov_desy3
513	:	1707192007.219	     0.005	0	0	0	11	./cov 513 ini_files/cov_desy3
514	:	1707192007.222	     0.004	0	0	0	11	./cov 514 ini_files/cov_desy3
515	:	1707192007.225	     0.006	0	0	0	11	./cov 515 ini_files/cov_desy3
516	:	1707192007.228	     0.004	0	0	0	11	./cov 516 ini_files/cov_desy3
517	:	1707192007.231	     0.006	0	0	0	11	./cov 517 ini_files/cov_desy3
518	:	1707192007.234	     0.003	0	0	0	11	./cov 518 ini_files/cov_desy3
447	:	1707192007.024	     0.213	0	0	0	11	./cov 447 ini_files/cov_desy3
520	:	1707192007.240	     0.003	0	0	0	11	./cov 520 ini_files/cov_desy3
521	:	1707192007.243	     0.004	0	0	0	11	./cov 521 ini_files/cov_desy3
522	:	1707192007.246	     0.003	0	0	0	11	./cov 522 ini_files/cov_desy3
523	:	1707192007.248	     0.006	0	0	0	11	./cov 523 ini_files/cov_desy3
524	:	1707192007.251	     0.003	0	0	0	11	./cov 524 ini_files/cov_desy3
525	:	1707192007.253	     0.003	0	0	0	11	./cov 525 ini_files/cov_desy3
453	:	1707192007.043	     0.216	0	0	0	11	./cov 453 ini_files/cov_desy3
527	:	1707192007.259	     0.003	0	0	0	11	./cov 527 ini_files/cov_desy3
528	:	1707192007.261	     0.003	0	0	0	11	./cov 528 ini_files/cov_desy3
529	:	1707192007.264	     0.003	0	0	0	11	./cov 529 ini_files/cov_desy3
530	:	1707192007.267	     0.002	0	0	0	11	./cov 530 ini_files/cov_desy3
531	:	1707192007.269	     0.003	0	0	0	11	./cov 531 ini_files/cov_desy3
532	:	1707192007.272	     0.001	0	0	0	11	./cov 532 ini_files/cov_desy3
533	:	1707192007.274	     0.005	0	0	0	11	./cov 533 ini_files/cov_desy3
461	:	1707192007.066	     0.213	0	0	0	11	./cov 461 ini_files/cov_desy3
535	:	1707192007.279	     0.003	0	0	0	11	./cov 535 ini_files/cov_desy3
536	:	1707192007.282	     0.003	0	0	0	11	./cov 536 ini_files/cov_desy3
537	:	1707192007.286	     0.006	0	0	0	11	./cov 537 ini_files/cov_desy3
538	:	1707192007.289	     0.003	0	0	0	11	./cov 538 ini_files/cov_desy3
539	:	1707192007.292	     0.003	0	0	0	11	./cov 539 ini_files/cov_desy3
470	:	1707192007.089	     0.210	0	0	0	11	./cov 470 ini_files/cov_desy3
541	:	1707192007.298	     0.003	0	0	0	11	./cov 541 ini_files/cov_desy3
542	:	1707192007.302	     0.006	0	0	0	11	./cov 542 ini_files/cov_desy3
543	:	1707192007.305	     0.003	0	0	0	11	./cov 543 ini_files/cov_desy3
544	:	1707192007.308	     0.003	0	0	0	11	./cov 544 ini_files/cov_desy3
545	:	1707192007.312	     0.006	0	0	0	11	./cov 545 ini_files/cov_desy3
546	:	1707192007.315	     0.003	0	0	0	11	./cov 546 ini_files/cov_desy3
476	:	1707192007.109	     0.212	0	0	0	11	./cov 476 ini_files/cov_desy3
548	:	1707192007.321	     0.003	0	0	0	11	./cov 548 ini_files/cov_desy3
549	:	1707192007.324	     0.004	0	0	0	11	./cov 549 ini_files/cov_desy3
550	:	1707192007.328	     0.006	0	0	0	11	./cov 550 ini_files/cov_desy3
551	:	1707192007.331	     0.003	0	0	0	11	./cov 551 ini_files/cov_desy3
552	:	1707192007.334	     0.003	0	0	0	11	./cov 552 ini_files/cov_desy3
553	:	1707192007.338	     0.003	0	0	0	11	./cov 553 ini_files/cov_desy3
483	:	1707192007.129	     0.215	0	0	0	11	./cov 483 ini_files/cov_desy3
555	:	1707192007.344	     0.003	0	0	0	11	./cov 555 ini_files/cov_desy3
556	:	1707192007.347	     0.004	0	0	0	11	./cov 556 ini_files/cov_desy3
557	:	1707192007.351	     0.003	0	0	0	11	./cov 557 ini_files/cov_desy3
558	:	1707192007.354	     0.003	0	0	0	11	./cov 558 ini_files/cov_desy3
559	:	1707192007.358	     0.003	0	0	0	11	./cov 559 ini_files/cov_desy3
490	:	1707192007.151	     0.210	0	0	0	11	./cov 490 ini_files/cov_desy3
561	:	1707192007.364	     0.003	0	0	0	11	./cov 561 ini_files/cov_desy3
562	:	1707192007.367	     0.002	0	0	0	11	./cov 562 ini_files/cov_desy3
563	:	1707192007.370	     0.003	0	0	0	11	./cov 563 ini_files/cov_desy3
564	:	1707192007.373	     0.003	0	0	0	11	./cov 564 ini_files/cov_desy3
565	:	1707192007.376	     0.003	0	0	0	11	./cov 565 ini_files/cov_desy3
566	:	1707192007.379	     0.003	0	0	0	11	./cov 566 ini_files/cov_desy3
496	:	1707192007.170	     0.212	0	0	0	11	./cov 496 ini_files/cov_desy3
568	:	1707192007.385	     0.006	0	0	0	11	./cov 568 ini_files/cov_desy3
569	:	1707192007.388	     0.003	0	0	0	11	./cov 569 ini_files/cov_desy3
570	:	1707192007.391	     0.006	0	0	0	11	./cov 570 ini_files/cov_desy3
571	:	1707192007.394	     0.003	0	0	0	11	./cov 571 ini_files/cov_desy3
572	:	1707192007.397	     0.004	0	0	0	11	./cov 572 ini_files/cov_desy3
573	:	1707192007.399	     0.004	0	0	0	11	./cov 573 ini_files/cov_desy3
504	:	1707192007.192	     0.213	0	0	0	11	./cov 504 ini_files/cov_desy3
575	:	1707192007.405	     0.003	0	0	0	11	./cov 575 ini_files/cov_desy3
576	:	1707192007.409	     0.006	0	0	0	11	./cov 576 ini_files/cov_desy3
577	:	1707192007.412	     0.003	0	0	0	11	./cov 577 ini_files/cov_desy3
578	:	1707192007.415	     0.006	0	0	0	11	./cov 578 ini_files/cov_desy3
579	:	1707192007.418	     0.003	0	0	0	11	./cov 579 ini_files/cov_desy3
512	:	1707192007.216	     0.210	0	0	0	11	./cov 512 ini_files/cov_desy3
580	:	1707192007.421	     0.006	0	0	0	11	./cov 580 ini_files/cov_desy3
582	:	1707192007.427	     0.003	0	0	0	11	./cov 582 ini_files/cov_desy3
583	:	1707192007.430	     0.006	0	0	0	11	./cov 583 ini_files/cov_desy3
584	:	1707192007.434	     0.003	0	0	0	11	./cov 584 ini_files/cov_desy3
585	:	1707192007.437	     0.003	0	0	0	11	./cov 585 ini_files/cov_desy3
586	:	1707192007.440	     0.003	0	0	0	11	./cov 586 ini_files/cov_desy3
587	:	1707192007.444	     0.003	0	0	0	11	./cov 587 ini_files/cov_desy3
519	:	1707192007.237	     0.213	0	0	0	11	./cov 519 ini_files/cov_desy3
589	:	1707192007.449	     0.004	0	0	0	11	./cov 589 ini_files/cov_desy3
590	:	1707192007.452	     0.004	0	0	0	11	./cov 590 ini_files/cov_desy3
591	:	1707192007.455	     0.004	0	0	0	11	./cov 591 ini_files/cov_desy3
592	:	1707192007.458	     0.003	0	0	0	11	./cov 592 ini_files/cov_desy3
593	:	1707192007.462	     0.003	0	0	0	11	./cov 593 ini_files/cov_desy3
594	:	1707192007.465	     0.003	0	0	0	11	./cov 594 ini_files/cov_desy3
526	:	1707192007.257	     0.213	0	0	0	11	./cov 526 ini_files/cov_desy3
595	:	1707192007.468	     0.003	0	0	0	11	./cov 595 ini_files/cov_desy3
597	:	1707192007.474	     0.006	0	0	0	11	./cov 597 ini_files/cov_desy3
598	:	1707192007.477	     0.003	0	0	0	11	./cov 598 ini_files/cov_desy3
599	:	1707192007.480	     0.003	0	0	0	11	./cov 599 ini_files/cov_desy3
600	:	1707192007.484	     0.003	0	0	0	11	./cov 600 ini_files/cov_desy3
601	:	1707192007.487	     0.003	0	0	0	11	./cov 601 ini_files/cov_desy3
540	:	1707192007.295	     0.198	0	0	0	11	./cov 540 ini_files/cov_desy3
602	:	1707192007.490	     0.003	0	0	0	11	./cov 602 ini_files/cov_desy3
604	:	1707192007.496	     0.003	0	0	0	11	./cov 604 ini_files/cov_desy3
605	:	1707192007.499	     0.003	0	0	0	11	./cov 605 ini_files/cov_desy3
606	:	1707192007.503	     0.003	0	0	0	11	./cov 606 ini_files/cov_desy3
607	:	1707192007.506	     0.003	0	0	0	11	./cov 607 ini_files/cov_desy3
608	:	1707192007.509	     0.003	0	0	0	11	./cov 608 ini_files/cov_desy3
534	:	1707192007.277	     0.239	0	0	0	11	./cov 534 ini_files/cov_desy3
609	:	1707192007.513	     0.003	0	0	0	11	./cov 609 ini_files/cov_desy3
611	:	1707192007.520	     0.006	0	0	0	11	./cov 611 ini_files/cov_desy3
612	:	1707192007.523	     0.005	0	0	0	11	./cov 612 ini_files/cov_desy3
613	:	1707192007.527	     0.006	0	0	0	11	./cov 613 ini_files/cov_desy3
614	:	1707192007.530	     0.006	0	0	0	11	./cov 614 ini_files/cov_desy3
615	:	1707192007.533	     0.005	0	0	0	11	./cov 615 ini_files/cov_desy3
616	:	1707192007.537	     0.003	0	0	0	11	./cov 616 ini_files/cov_desy3
547	:	1707192007.318	     0.225	0	0	0	11	./cov 547 ini_files/cov_desy3
618	:	1707192007.544	     0.004	0	0	0	11	./cov 618 ini_files/cov_desy3
619	:	1707192007.547	     0.004	0	0	0	11	./cov 619 ini_files/cov_desy3
620	:	1707192007.551	     0.002	0	0	0	11	./cov 620 ini_files/cov_desy3
621	:	1707192007.554	     0.004	0	0	0	11	./cov 621 ini_files/cov_desy3
622	:	1707192007.558	     0.003	0	0	0	11	./cov 622 ini_files/cov_desy3
554	:	1707192007.341	     0.224	0	0	0	11	./cov 554 ini_files/cov_desy3
623	:	1707192007.562	     0.003	0	0	0	11	./cov 623 ini_files/cov_desy3
625	:	1707192007.568	     0.006	0	0	0	11	./cov 625 ini_files/cov_desy3
626	:	1707192007.572	     0.003	0	0	0	11	./cov 626 ini_files/cov_desy3
627	:	1707192007.575	     0.003	0	0	0	11	./cov 627 ini_files/cov_desy3
628	:	1707192007.579	     0.003	0	0	0	11	./cov 628 ini_files/cov_desy3
629	:	1707192007.582	     0.003	0	0	0	11	./cov 629 ini_files/cov_desy3
560	:	1707192007.361	     0.227	0	0	0	11	./cov 560 ini_files/cov_desy3
630	:	1707192007.586	     0.003	0	0	0	11	./cov 630 ini_files/cov_desy3
632	:	1707192007.593	     0.003	0	0	0	11	./cov 632 ini_files/cov_desy3
633	:	1707192007.596	     0.003	0	0	0	11	./cov 633 ini_files/cov_desy3
634	:	1707192007.600	     0.005	0	0	0	11	./cov 634 ini_files/cov_desy3
635	:	1707192007.603	     0.003	0	0	0	11	./cov 635 ini_files/cov_desy3
636	:	1707192007.605	     0.003	0	0	0	11	./cov 636 ini_files/cov_desy3
637	:	1707192007.609	     0.003	0	0	0	11	./cov 637 ini_files/cov_desy3
567	:	1707192007.382	     0.233	0	0	0	11	./cov 567 ini_files/cov_desy3
639	:	1707192007.615	     0.006	0	0	0	11	./cov 639 ini_files/cov_desy3
640	:	1707192007.618	     0.004	0	0	0	11	./cov 640 ini_files/cov_desy3
641	:	1707192007.622	     0.006	0	0	0	11	./cov 641 ini_files/cov_desy3
642	:	1707192007.626	     0.004	0	0	0	11	./cov 642 ini_files/cov_desy3
643	:	1707192007.629	     0.006	0	0	0	11	./cov 643 ini_files/cov_desy3
644	:	1707192007.632	     0.003	0	0	0	11	./cov 644 ini_files/cov_desy3
574	:	1707192007.402	     0.236	0	0	0	11	./cov 574 ini_files/cov_desy3
646	:	1707192007.639	     0.003	0	0	0	11	./cov 646 ini_files/cov_desy3
647	:	1707192007.642	     0.003	0	0	0	11	./cov 647 ini_files/cov_desy3
648	:	1707192007.646	     0.004	0	0	0	11	./cov 648 ini_files/cov_desy3
649	:	1707192007.650	     0.003	0	0	0	11	./cov 649 ini_files/cov_desy3
650	:	1707192007.653	     0.003	0	0	0	11	./cov 650 ini_files/cov_desy3
651	:	1707192007.657	     0.003	0	0	0	11	./cov 651 ini_files/cov_desy3
581	:	1707192007.424	     0.240	0	0	0	11	./cov 581 ini_files/cov_desy3
653	:	1707192007.664	     0.003	0	0	0	11	./cov 653 ini_files/cov_desy3
654	:	1707192007.668	     0.003	0	0	0	11	./cov 654 ini_files/cov_desy3
655	:	1707192007.671	     0.003	0	0	0	11	./cov 655 ini_files/cov_desy3
656	:	1707192007.675	     0.003	0	0	0	11	./cov 656 ini_files/cov_desy3
657	:	1707192007.678	     0.003	0	0	0	11	./cov 657 ini_files/cov_desy3
588	:	1707192007.447	     0.239	0	0	0	11	./cov 588 ini_files/cov_desy3
658	:	1707192007.682	     0.005	0	0	0	11	./cov 658 ini_files/cov_desy3
660	:	1707192007.690	     0.003	0	0	0	11	./cov 660 ini_files/cov_desy3
661	:	1707192007.693	     0.004	0	0	0	11	./cov 661 ini_files/cov_desy3
662	:	1707192007.697	     0.003	0	0	0	11	./cov 662 ini_files/cov_desy3
663	:	1707192007.701	     0.003	0	0	0	11	./cov 663 ini_files/cov_desy3
664	:	1707192007.705	     0.004	0	0	0	11	./cov 664 ini_files/cov_desy3
596	:	1707192007.471	     0.240	0	0	0	11	./cov 596 ini_files/cov_desy3
665	:	1707192007.708	     0.005	0	0	0	11	./cov 665 ini_files/cov_desy3
667	:	1707192007.715	     0.004	0	0	0	11	./cov 667 ini_files/cov_desy3
668	:	1707192007.719	     0.002	0	0	0	11	./cov 668 ini_files/cov_desy3
669	:	1707192007.722	     0.003	0	0	0	11	./cov 669 ini_files/cov_desy3
670	:	1707192007.725	     0.004	0	0	0	11	./cov 670 ini_files/cov_desy3
671	:	1707192007.729	     0.003	0	0	0	11	./cov 671 ini_files/cov_desy3
603	:	1707192007.494	     0.242	0	0	0	11	./cov 603 ini_files/cov_desy3
672	:	1707192007.732	     0.003	0	0	0	11	./cov 672 ini_files/cov_desy3
674	:	1707192007.738	     0.006	0	0	0	11	./cov 674 ini_files/cov_desy3
675	:	1707192007.742	     0.003	0	0	0	11	./cov 675 ini_files/cov_desy3
676	:	1707192007.745	     0.006	0	0	0	11	./cov 676 ini_files/cov_desy3
677	:	1707192007.748	     0.004	0	0	0	11	./cov 677 ini_files/cov_desy3
678	:	1707192007.751	     0.003	0	0	0	11	./cov 678 ini_files/cov_desy3
679	:	1707192007.754	     0.003	0	0	0	11	./cov 679 ini_files/cov_desy3
610	:	1707192007.516	     0.244	0	0	0	11	./cov 610 ini_files/cov_desy3
681	:	1707192007.761	     0.006	0	0	0	11	./cov 681 ini_files/cov_desy3
682	:	1707192007.764	     0.006	0	0	0	11	./cov 682 ini_files/cov_desy3
683	:	1707192007.767	     0.003	0	0	0	11	./cov 683 ini_files/cov_desy3
684	:	1707192007.771	     0.004	0	0	0	11	./cov 684 ini_files/cov_desy3
685	:	1707192007.774	     0.004	0	0	0	11	./cov 685 ini_files/cov_desy3
686	:	1707192007.778	     0.003	0	0	0	11	./cov 686 ini_files/cov_desy3
617	:	1707192007.540	     0.245	0	0	0	11	./cov 617 ini_files/cov_desy3
688	:	1707192007.785	     0.003	0	0	0	11	./cov 688 ini_files/cov_desy3
689	:	1707192007.788	     0.004	0	0	0	11	./cov 689 ini_files/cov_desy3
690	:	1707192007.792	     0.006	0	0	0	11	./cov 690 ini_files/cov_desy3
691	:	1707192007.796	     0.003	0	0	0	11	./cov 691 ini_files/cov_desy3
692	:	1707192007.799	     0.003	0	0	0	11	./cov 692 ini_files/cov_desy3
624	:	1707192007.565	     0.243	0	0	0	11	./cov 624 ini_files/cov_desy3
693	:	1707192007.803	     0.006	0	0	0	11	./cov 693 ini_files/cov_desy3
695	:	1707192007.808	     0.003	0	0	0	11	./cov 695 ini_files/cov_desy3
696	:	1707192007.811	     0.006	0	0	0	11	./cov 696 ini_files/cov_desy3
697	:	1707192007.814	     0.005	0	0	0	11	./cov 697 ini_files/cov_desy3
698	:	1707192007.818	     0.003	0	0	0	11	./cov 698 ini_files/cov_desy3
699	:	1707192007.821	     0.006	0	0	0	11	./cov 699 ini_files/cov_desy3
700	:	1707192007.824	     0.004	0	0	0	11	./cov 700 ini_files/cov_desy3
701	:	1707192007.827	     0.004	0	0	0	11	./cov 701 ini_files/cov_desy3
631	:	1707192007.589	     0.245	0	0	0	11	./cov 631 ini_files/cov_desy3
703	:	1707192007.834	     0.003	0	0	0	11	./cov 703 ini_files/cov_desy3
704	:	1707192007.837	     0.003	0	0	0	11	./cov 704 ini_files/cov_desy3
705	:	1707192007.840	     0.004	0	0	0	11	./cov 705 ini_files/cov_desy3
706	:	1707192007.843	     0.006	0	0	0	11	./cov 706 ini_files/cov_desy3
707	:	1707192007.846	     0.003	0	0	0	11	./cov 707 ini_files/cov_desy3
708	:	1707192007.850	     0.003	0	0	0	11	./cov 708 ini_files/cov_desy3
638	:	1707192007.612	     0.246	0	0	0	11	./cov 638 ini_files/cov_desy3
709	:	1707192007.853	     0.006	0	0	0	11	./cov 709 ini_files/cov_desy3
711	:	1707192007.858	     0.003	0	0	0	11	./cov 711 ini_files/cov_desy3
712	:	1707192007.862	     0.006	0	0	0	11	./cov 712 ini_files/cov_desy3
713	:	1707192007.865	     0.003	0	0	0	11	./cov 713 ini_files/cov_desy3
714	:	1707192007.868	     0.004	0	0	0	11	./cov 714 ini_files/cov_desy3
715	:	1707192007.872	     0.006	0	0	0	11	./cov 715 ini_files/cov_desy3
645	:	1707192007.635	     0.246	0	0	0	11	./cov 645 ini_files/cov_desy3
716	:	1707192007.876	     0.006	0	0	0	11	./cov 716 ini_files/cov_desy3
718	:	1707192007.882	     0.003	0	0	0	11	./cov 718 ini_files/cov_desy3
719	:	1707192007.886	     0.004	0	0	0	11	./cov 719 ini_files/cov_desy3
720	:	1707192007.889	     0.003	0	0	0	11	./cov 720 ini_files/cov_desy3
721	:	1707192007.893	     0.007	0	0	0	11	./cov 721 ini_files/cov_desy3
722	:	1707192007.896	     0.004	0	0	0	11	./cov 722 ini_files/cov_desy3
723	:	1707192007.899	     0.005	0	0	0	11	./cov 723 ini_files/cov_desy3
652	:	1707192007.660	     0.246	0	0	0	11	./cov 652 ini_files/cov_desy3
725	:	1707192007.907	     0.003	0	0	0	11	./cov 725 ini_files/cov_desy3
726	:	1707192007.910	     0.003	0	0	0	11	./cov 726 ini_files/cov_desy3
727	:	1707192007.914	     0.003	0	0	0	11	./cov 727 ini_files/cov_desy3
728	:	1707192007.918	     0.003	0	0	0	11	./cov 728 ini_files/cov_desy3
729	:	1707192007.922	     0.006	0	0	0	11	./cov 729 ini_files/cov_desy3
730	:	1707192007.925	     0.003	0	0	0	11	./cov 730 ini_files/cov_desy3
659	:	1707192007.686	     0.245	0	0	0	11	./cov 659 ini_files/cov_desy3
732	:	1707192007.932	     0.004	0	0	0	11	./cov 732 ini_files/cov_desy3
733	:	1707192007.936	     0.003	0	0	0	11	./cov 733 ini_files/cov_desy3
734	:	1707192007.939	     0.005	0	0	0	11	./cov 734 ini_files/cov_desy3
735	:	1707192007.943	     0.004	0	0	0	11	./cov 735 ini_files/cov_desy3
736	:	1707192007.948	     0.003	0	0	0	11	./cov 736 ini_files/cov_desy3
666	:	1707192007.712	     0.242	0	0	0	11	./cov 666 ini_files/cov_desy3
738	:	1707192007.954	     0.003	0	0	0	11	./cov 738 ini_files/cov_desy3
739	:	1707192007.958	     0.003	0	0	0	11	./cov 739 ini_files/cov_desy3
740	:	1707192007.962	     0.003	0	0	0	11	./cov 740 ini_files/cov_desy3
741	:	1707192007.965	     0.006	0	0	0	11	./cov 741 ini_files/cov_desy3
742	:	1707192007.968	     0.003	0	0	0	11	./cov 742 ini_files/cov_desy3
743	:	1707192007.971	     0.003	0	0	0	11	./cov 743 ini_files/cov_desy3
673	:	1707192007.735	     0.243	0	0	0	11	./cov 673 ini_files/cov_desy3
745	:	1707192007.978	     0.004	0	0	0	11	./cov 745 ini_files/cov_desy3
746	:	1707192007.982	     0.003	0	0	0	11	./cov 746 ini_files/cov_desy3
747	:	1707192007.985	     0.004	0	0	0	11	./cov 747 ini_files/cov_desy3
748	:	1707192007.989	     0.003	0	0	0	11	./cov 748 ini_files/cov_desy3
749	:	1707192007.992	     0.003	0	0	0	11	./cov 749 ini_files/cov_desy3
680	:	1707192007.758	     0.242	0	0	0	11	./cov 680 ini_files/cov_desy3
750	:	1707192007.996	     0.004	0	0	0	11	./cov 750 ini_files/cov_desy3
752	:	1707192008.003	     0.006	0	0	0	11	./cov 752 ini_files/cov_desy3
753	:	1707192008.006	     0.004	0	0	0	11	./cov 753 ini_files/cov_desy3
754	:	1707192008.010	     0.006	0	0	0	11	./cov 754 ini_files/cov_desy3
755	:	1707192008.013	     0.003	0	0	0	11	./cov 755 ini_files/cov_desy3
756	:	1707192008.016	     0.003	0	0	0	11	./cov 756 ini_files/cov_desy3
757	:	1707192008.020	     0.003	0	0	0	11	./cov 757 ini_files/cov_desy3
687	:	1707192007.782	     0.244	0	0	0	11	./cov 687 ini_files/cov_desy3
759	:	1707192008.027	     0.003	0	0	0	11	./cov 759 ini_files/cov_desy3
760	:	1707192008.030	     0.003	0	0	0	11	./cov 760 ini_files/cov_desy3
761	:	1707192008.034	     0.006	0	0	0	11	./cov 761 ini_files/cov_desy3
762	:	1707192008.037	     0.005	0	0	0	11	./cov 762 ini_files/cov_desy3
763	:	1707192008.041	     0.004	0	0	0	11	./cov 763 ini_files/cov_desy3
764	:	1707192008.045	     0.003	0	0	0	11	./cov 764 ini_files/cov_desy3
694	:	1707192007.805	     0.246	0	0	0	11	./cov 694 ini_files/cov_desy3
766	:	1707192008.052	     0.003	0	0	0	11	./cov 766 ini_files/cov_desy3
767	:	1707192008.055	     0.003	0	0	0	11	./cov 767 ini_files/cov_desy3
768	:	1707192008.059	     0.003	0	0	0	11	./cov 768 ini_files/cov_desy3
769	:	1707192008.062	     0.003	0	0	0	11	./cov 769 ini_files/cov_desy3
770	:	1707192008.066	     0.003	0	0	0	11	./cov 770 ini_files/cov_desy3
771	:	1707192008.069	     0.003	0	0	0	11	./cov 771 ini_files/cov_desy3
702	:	1707192007.830	     0.246	0	0	0	11	./cov 702 ini_files/cov_desy3
772	:	1707192008.072	     0.004	0	0	0	11	./cov 772 ini_files/cov_desy3
774	:	1707192008.080	     0.006	0	0	0	11	./cov 774 ini_files/cov_desy3
775	:	1707192008.083	     0.003	0	0	0	11	./cov 775 ini_files/cov_desy3
776	:	1707192008.086	     0.005	0	0	0	11	./cov 776 ini_files/cov_desy3
777	:	1707192008.090	     0.005	0	0	0	11	./cov 777 ini_files/cov_desy3
778	:	1707192008.094	     0.003	0	0	0	11	./cov 778 ini_files/cov_desy3
710	:	1707192007.855	     0.246	0	0	0	11	./cov 710 ini_files/cov_desy3
780	:	1707192008.102	     0.003	0	0	0	11	./cov 780 ini_files/cov_desy3
781	:	1707192008.106	     0.003	0	0	0	11	./cov 781 ini_files/cov_desy3
782	:	1707192008.109	     0.003	0	0	0	11	./cov 782 ini_files/cov_desy3
783	:	1707192008.113	     0.004	0	0	0	11	./cov 783 ini_files/cov_desy3
784	:	1707192008.116	     0.003	0	0	0	11	./cov 784 ini_files/cov_desy3
785	:	1707192008.120	     0.004	0	0	0	11	./cov 785 ini_files/cov_desy3
717	:	1707192007.878	     0.249	0	0	0	11	./cov 717 ini_files/cov_desy3
787	:	1707192008.127	     0.003	0	0	0	11	./cov 787 ini_files/cov_desy3
788	:	1707192008.131	     0.003	0	0	0	11	./cov 788 ini_files/cov_desy3
789	:	1707192008.135	     0.003	0	0	0	11	./cov 789 ini_files/cov_desy3
790	:	1707192008.138	     0.007	0	0	0	11	./cov 790 ini_files/cov_desy3
791	:	1707192008.142	     0.003	0	0	0	11	./cov 791 ini_files/cov_desy3
724	:	1707192007.903	     0.246	0	0	0	11	./cov 724 ini_files/cov_desy3
793	:	1707192008.149	     0.004	0	0	0	11	./cov 793 ini_files/cov_desy3
794	:	1707192008.153	     0.006	0	0	0	11	./cov 794 ini_files/cov_desy3
795	:	1707192008.156	     0.005	0	0	0	11	./cov 795 ini_files/cov_desy3
796	:	1707192008.160	     0.003	0	0	0	11	./cov 796 ini_files/cov_desy3
797	:	1707192008.164	     0.003	0	0	0	11	./cov 797 ini_files/cov_desy3
798	:	1707192008.168	     0.003	0	0	0	11	./cov 798 ini_files/cov_desy3
731	:	1707192007.928	     0.246	0	0	0	11	./cov 731 ini_files/cov_desy3
800	:	1707192008.175	     0.006	0	0	0	11	./cov 800 ini_files/cov_desy3
801	:	1707192008.178	     0.006	0	0	0	11	./cov 801 ini_files/cov_desy3
802	:	1707192008.180	     0.003	0	0	0	11	./cov 802 ini_files/cov_desy3
803	:	1707192008.183	     0.003	0	0	0	11	./cov 803 ini_files/cov_desy3
804	:	1707192008.186	     0.005	0	0	0	11	./cov 804 ini_files/cov_desy3
805	:	1707192008.189	     0.006	0	0	0	11	./cov 805 ini_files/cov_desy3
806	:	1707192008.192	     0.003	0	0	0	11	./cov 806 ini_files/cov_desy3
737	:	1707192007.951	     0.246	0	0	0	11	./cov 737 ini_files/cov_desy3
808	:	1707192008.197	     0.003	0	0	0	11	./cov 808 ini_files/cov_desy3
809	:	1707192008.201	     0.005	0	0	0	11	./cov 809 ini_files/cov_desy3
810	:	1707192008.203	     0.003	0	0	0	11	./cov 810 ini_files/cov_desy3
811	:	1707192008.206	     0.005	0	0	0	11	./cov 811 ini_files/cov_desy3
812	:	1707192008.209	     0.003	0	0	0	11	./cov 812 ini_files/cov_desy3
813	:	1707192008.212	     0.003	0	0	0	11	./cov 813 ini_files/cov_desy3
744	:	1707192007.975	     0.243	0	0	0	11	./cov 744 ini_files/cov_desy3
815	:	1707192008.218	     0.005	0	0	0	11	./cov 815 ini_files/cov_desy3
816	:	1707192008.220	     0.003	0	0	0	11	./cov 816 ini_files/cov_desy3
817	:	1707192008.223	     0.003	0	0	0	11	./cov 817 ini_files/cov_desy3
818	:	1707192008.226	     0.003	0	0	0	11	./cov 818 ini_files/cov_desy3
819	:	1707192008.230	     0.003	0	0	0	11	./cov 819 ini_files/cov_desy3
820	:	1707192008.233	     0.003	0	0	0	11	./cov 820 ini_files/cov_desy3
821	:	1707192008.236	     0.004	0	0	0	11	./cov 821 ini_files/cov_desy3
751	:	1707192008.000	     0.242	0	0	0	11	./cov 751 ini_files/cov_desy3
822	:	1707192008.239	     0.003	0	0	0	11	./cov 822 ini_files/cov_desy3
824	:	1707192008.244	     0.003	0	0	0	11	./cov 824 ini_files/cov_desy3
825	:	1707192008.248	     0.003	0	0	0	11	./cov 825 ini_files/cov_desy3
826	:	1707192008.251	     0.003	0	0	0	11	./cov 826 ini_files/cov_desy3
827	:	1707192008.254	     0.003	0	0	0	11	./cov 827 ini_files/cov_desy3
828	:	1707192008.258	     0.003	0	0	0	11	./cov 828 ini_files/cov_desy3
829	:	1707192008.261	     0.004	0	0	0	11	./cov 829 ini_files/cov_desy3
758	:	1707192008.023	     0.242	0	0	0	11	./cov 758 ini_files/cov_desy3
831	:	1707192008.267	     0.006	0	0	0	11	./cov 831 ini_files/cov_desy3
832	:	1707192008.270	     0.003	0	0	0	11	./cov 832 ini_files/cov_desy3
833	:	1707192008.273	     0.006	0	0	0	11	./cov 833 ini_files/cov_desy3
834	:	1707192008.277	     0.003	0	0	0	11	./cov 834 ini_files/cov_desy3
835	:	1707192008.279	     0.003	0	0	0	11	./cov 835 ini_files/cov_desy3
836	:	1707192008.283	     0.006	0	0	0	11	./cov 836 ini_files/cov_desy3
765	:	1707192008.048	     0.243	0	0	0	11	./cov 765 ini_files/cov_desy3
837	:	1707192008.286	     0.006	0	0	0	11	./cov 837 ini_files/cov_desy3
839	:	1707192008.292	     0.003	0	0	0	11	./cov 839 ini_files/cov_desy3
840	:	1707192008.295	     0.006	0	0	0	11	./cov 840 ini_files/cov_desy3
841	:	1707192008.298	     0.003	0	0	0	11	./cov 841 ini_files/cov_desy3
842	:	1707192008.301	     0.003	0	0	0	11	./cov 842 ini_files/cov_desy3
843	:	1707192008.305	     0.003	0	0	0	11	./cov 843 ini_files/cov_desy3
844	:	1707192008.309	     0.003	0	0	0	11	./cov 844 ini_files/cov_desy3
773	:	1707192008.076	     0.240	0	0	0	11	./cov 773 ini_files/cov_desy3
846	:	1707192008.316	     0.003	0	0	0	11	./cov 846 ini_files/cov_desy3
847	:	1707192008.319	     0.003	0	0	0	11	./cov 847 ini_files/cov_desy3
848	:	1707192008.323	     0.003	0	0	0	11	./cov 848 ini_files/cov_desy3
849	:	1707192008.326	     0.003	0	0	0	11	./cov 849 ini_files/cov_desy3
850	:	1707192008.330	     0.004	0	0	0	11	./cov 850 ini_files/cov_desy3
779	:	1707192008.098	     0.243	0	0	0	11	./cov 779 ini_files/cov_desy3
851	:	1707192008.334	     0.006	0	0	0	11	./cov 851 ini_files/cov_desy3
853	:	1707192008.341	     0.003	0	0	0	11	./cov 853 ini_files/cov_desy3
854	:	1707192008.344	     0.003	0	0	0	11	./cov 854 ini_files/cov_desy3
855	:	1707192008.348	     0.003	0	0	0	11	./cov 855 ini_files/cov_desy3
856	:	1707192008.351	     0.006	0	0	0	11	./cov 856 ini_files/cov_desy3
857	:	1707192008.354	     0.003	0	0	0	11	./cov 857 ini_files/cov_desy3
786	:	1707192008.123	     0.240	0	0	0	11	./cov 786 ini_files/cov_desy3
858	:	1707192008.357	     0.006	0	0	0	11	./cov 858 ini_files/cov_desy3
860	:	1707192008.363	     0.003	0	0	0	11	./cov 860 ini_files/cov_desy3
861	:	1707192008.366	     0.003	0	0	0	11	./cov 861 ini_files/cov_desy3
862	:	1707192008.369	     0.003	0	0	0	11	./cov 862 ini_files/cov_desy3
863	:	1707192008.373	     0.004	0	0	0	11	./cov 863 ini_files/cov_desy3
864	:	1707192008.376	     0.004	0	0	0	11	./cov 864 ini_files/cov_desy3
865	:	1707192008.380	     0.003	0	0	0	11	./cov 865 ini_files/cov_desy3
792	:	1707192008.145	     0.242	0	0	0	11	./cov 792 ini_files/cov_desy3
867	:	1707192008.387	     0.003	0	0	0	11	./cov 867 ini_files/cov_desy3
868	:	1707192008.390	     0.003	0	0	0	11	./cov 868 ini_files/cov_desy3
869	:	1707192008.394	     0.003	0	0	0	11	./cov 869 ini_files/cov_desy3
870	:	1707192008.398	     0.003	0	0	0	11	./cov 870 ini_files/cov_desy3
871	:	1707192008.401	     0.003	0	0	0	11	./cov 871 ini_files/cov_desy3
799	:	1707192008.171	     0.236	0	0	0	11	./cov 799 ini_files/cov_desy3
873	:	1707192008.408	     0.003	0	0	0	11	./cov 873 ini_files/cov_desy3
874	:	1707192008.412	     0.003	0	0	0	11	./cov 874 ini_files/cov_desy3
875	:	1707192008.415	     0.003	0	0	0	11	./cov 875 ini_files/cov_desy3
876	:	1707192008.419	     0.004	0	0	0	11	./cov 876 ini_files/cov_desy3
877	:	1707192008.422	     0.004	0	0	0	11	./cov 877 ini_files/cov_desy3
807	:	1707192008.194	     0.234	0	0	0	11	./cov 807 ini_files/cov_desy3
879	:	1707192008.429	     0.004	0	0	0	11	./cov 879 ini_files/cov_desy3
880	:	1707192008.433	     0.003	0	0	0	11	./cov 880 ini_files/cov_desy3
881	:	1707192008.436	     0.003	0	0	0	11	./cov 881 ini_files/cov_desy3
882	:	1707192008.439	     0.007	0	0	0	11	./cov 882 ini_files/cov_desy3
883	:	1707192008.443	     0.003	0	0	0	11	./cov 883 ini_files/cov_desy3
884	:	1707192008.446	     0.003	0	0	0	11	./cov 884 ini_files/cov_desy3
814	:	1707192008.215	     0.238	0	0	0	11	./cov 814 ini_files/cov_desy3
886	:	1707192008.453	     0.003	0	0	0	11	./cov 886 ini_files/cov_desy3
887	:	1707192008.457	     0.003	0	0	0	11	./cov 887 ini_files/cov_desy3
888	:	1707192008.461	     0.003	0	0	0	11	./cov 888 ini_files/cov_desy3
889	:	1707192008.464	     0.003	0	0	0	11	./cov 889 ini_files/cov_desy3
890	:	1707192008.468	     0.003	0	0	0	11	./cov 890 ini_files/cov_desy3
891	:	1707192008.472	     0.004	0	0	0	11	./cov 891 ini_files/cov_desy3
823	:	1707192008.241	     0.238	0	0	0	11	./cov 823 ini_files/cov_desy3
893	:	1707192008.479	     0.003	0	0	0	11	./cov 893 ini_files/cov_desy3
894	:	1707192008.483	     0.003	0	0	0	11	./cov 894 ini_files/cov_desy3
895	:	1707192008.486	     0.006	0	0	0	11	./cov 895 ini_files/cov_desy3
896	:	1707192008.489	     0.003	0	0	0	11	./cov 896 ini_files/cov_desy3
897	:	1707192008.492	     0.003	0	0	0	11	./cov 897 ini_files/cov_desy3
898	:	1707192008.495	     0.004	0	0	0	11	./cov 898 ini_files/cov_desy3
830	:	1707192008.264	     0.238	0	0	0	11	./cov 830 ini_files/cov_desy3
899	:	1707192008.499	     0.003	0	0	0	11	./cov 899 ini_files/cov_desy3
901	:	1707192008.505	     0.001	0	0	0	11	./cov 901 ini_files/cov_desy3
902	:	1707192008.507	     0.003	0	0	0	11	./cov 902 ini_files/cov_desy3
903	:	1707192008.510	     0.003	0	0	0	11	./cov 903 ini_files/cov_desy3
904	:	1707192008.513	     0.003	0	0	0	11	./cov 904 ini_files/cov_desy3
905	:	1707192008.516	     0.003	0	0	0	11	./cov 905 ini_files/cov_desy3
906	:	1707192008.519	     0.003	0	0	0	11	./cov 906 ini_files/cov_desy3
838	:	1707192008.289	     0.233	0	0	0	11	./cov 838 ini_files/cov_desy3
908	:	1707192008.525	     0.005	0	0	0	11	./cov 908 ini_files/cov_desy3
909	:	1707192008.528	     0.002	0	0	0	11	./cov 909 ini_files/cov_desy3
910	:	1707192008.530	     0.003	0	0	0	11	./cov 910 ini_files/cov_desy3
911	:	1707192008.534	     0.002	0	0	0	11	./cov 911 ini_files/cov_desy3
845	:	1707192008.312	     0.226	0	0	0	11	./cov 845 ini_files/cov_desy3
913	:	1707192008.539	     0.003	0	0	0	11	./cov 913 ini_files/cov_desy3
914	:	1707192008.542	     0.003	0	0	0	11	./cov 914 ini_files/cov_desy3
915	:	1707192008.545	     0.003	0	0	0	11	./cov 915 ini_files/cov_desy3
916	:	1707192008.548	     0.003	0	0	0	11	./cov 916 ini_files/cov_desy3
917	:	1707192008.551	     0.002	0	0	0	11	./cov 917 ini_files/cov_desy3
918	:	1707192008.553	     0.003	0	0	0	11	./cov 918 ini_files/cov_desy3
919	:	1707192008.556	     0.003	0	0	0	11	./cov 919 ini_files/cov_desy3
852	:	1707192008.337	     0.226	0	0	0	11	./cov 852 ini_files/cov_desy3
921	:	1707192008.562	     0.003	0	0	0	11	./cov 921 ini_files/cov_desy3
922	:	1707192008.566	     0.006	0	0	0	11	./cov 922 ini_files/cov_desy3
923	:	1707192008.569	     0.003	0	0	0	11	./cov 923 ini_files/cov_desy3
924	:	1707192008.572	     0.003	0	0	0	11	./cov 924 ini_files/cov_desy3
925	:	1707192008.575	     0.003	0	0	0	11	./cov 925 ini_files/cov_desy3
926	:	1707192008.578	     0.003	0	0	0	11	./cov 926 ini_files/cov_desy3
859	:	1707192008.360	     0.224	0	0	0	11	./cov 859 ini_files/cov_desy3
928	:	1707192008.584	     0.002	0	0	0	11	./cov 928 ini_files/cov_desy3
929	:	1707192008.587	     0.004	0	0	0	11	./cov 929 ini_files/cov_desy3
930	:	1707192008.590	     0.004	0	0	0	11	./cov 930 ini_files/cov_desy3
931	:	1707192008.593	     0.003	0	0	0	11	./cov 931 ini_files/cov_desy3
932	:	1707192008.596	     0.003	0	0	0	11	./cov 932 ini_files/cov_desy3
933	:	1707192008.600	     0.003	0	0	0	11	./cov 933 ini_files/cov_desy3
866	:	1707192008.383	     0.223	0	0	0	11	./cov 866 ini_files/cov_desy3
935	:	1707192008.606	     0.003	0	0	0	11	./cov 935 ini_files/cov_desy3
936	:	1707192008.609	     0.003	0	0	0	11	./cov 936 ini_files/cov_desy3
937	:	1707192008.612	     0.003	0	0	0	11	./cov 937 ini_files/cov_desy3
938	:	1707192008.615	     0.003	0	0	0	11	./cov 938 ini_files/cov_desy3
872	:	1707192008.404	     0.217	0	0	0	11	./cov 872 ini_files/cov_desy3
939	:	1707192008.618	     0.003	0	0	0	11	./cov 939 ini_files/cov_desy3
941	:	1707192008.625	     0.002	0	0	0	11	./cov 941 ini_files/cov_desy3
942	:	1707192008.627	     0.005	0	0	0	11	./cov 942 ini_files/cov_desy3
943	:	1707192008.630	     0.002	0	0	0	11	./cov 943 ini_files/cov_desy3
944	:	1707192008.632	     0.003	0	0	0	11	./cov 944 ini_files/cov_desy3
945	:	1707192008.636	     0.003	0	0	0	11	./cov 945 ini_files/cov_desy3
946	:	1707192008.639	     0.003	0	0	0	11	./cov 946 ini_files/cov_desy3
878	:	1707192008.426	     0.218	0	0	0	11	./cov 878 ini_files/cov_desy3
948	:	1707192008.645	     0.003	0	0	0	11	./cov 948 ini_files/cov_desy3
949	:	1707192008.648	     0.006	0	0	0	11	./cov 949 ini_files/cov_desy3
950	:	1707192008.651	     0.003	0	0	0	11	./cov 950 ini_files/cov_desy3
951	:	1707192008.654	     0.006	0	0	0	11	./cov 951 ini_files/cov_desy3
952	:	1707192008.657	     0.004	0	0	0	11	./cov 952 ini_files/cov_desy3
953	:	1707192008.659	     0.004	0	0	0	11	./cov 953 ini_files/cov_desy3
885	:	1707192008.450	     0.215	0	0	0	11	./cov 885 ini_files/cov_desy3
955	:	1707192008.666	     0.003	0	0	0	11	./cov 955 ini_files/cov_desy3
956	:	1707192008.669	     0.004	0	0	0	11	./cov 956 ini_files/cov_desy3
957	:	1707192008.672	     0.004	0	0	0	11	./cov 957 ini_files/cov_desy3
958	:	1707192008.676	     0.002	0	0	0	11	./cov 958 ini_files/cov_desy3
959	:	1707192008.679	     0.003	0	0	0	11	./cov 959 ini_files/cov_desy3
892	:	1707192008.475	     0.210	0	0	0	11	./cov 892 ini_files/cov_desy3
961	:	1707192008.685	     0.003	0	0	0	11	./cov 961 ini_files/cov_desy3
962	:	1707192008.688	     0.003	0	0	0	11	./cov 962 ini_files/cov_desy3
963	:	1707192008.691	     0.006	0	0	0	11	./cov 963 ini_files/cov_desy3
964	:	1707192008.694	     0.003	0	0	0	11	./cov 964 ini_files/cov_desy3
900	:	1707192008.502	     0.199	0	0	0	11	./cov 900 ini_files/cov_desy3
965	:	1707192008.697	     0.006	0	0	0	11	./cov 965 ini_files/cov_desy3
967	:	1707192008.702	     0.003	0	0	0	11	./cov 967 ini_files/cov_desy3
968	:	1707192008.705	     0.006	0	0	0	11	./cov 968 ini_files/cov_desy3
969	:	1707192008.708	     0.003	0	0	0	11	./cov 969 ini_files/cov_desy3
970	:	1707192008.711	     0.003	0	0	0	11	./cov 970 ini_files/cov_desy3
971	:	1707192008.714	     0.003	0	0	0	11	./cov 971 ini_files/cov_desy3
972	:	1707192008.718	     0.003	0	0	0	11	./cov 972 ini_files/cov_desy3
907	:	1707192008.522	     0.202	0	0	0	11	./cov 907 ini_files/cov_desy3
973	:	1707192008.721	     0.003	0	0	0	11	./cov 973 ini_files/cov_desy3
975	:	1707192008.728	     0.003	0	0	0	11	./cov 975 ini_files/cov_desy3
976	:	1707192008.731	     0.006	0	0	0	11	./cov 976 ini_files/cov_desy3
977	:	1707192008.734	     0.003	0	0	0	11	./cov 977 ini_files/cov_desy3
978	:	1707192008.737	     0.003	0	0	0	11	./cov 978 ini_files/cov_desy3
912	:	1707192008.536	     0.207	0	0	0	11	./cov 912 ini_files/cov_desy3
980	:	1707192008.743	     0.003	0	0	0	11	./cov 980 ini_files/cov_desy3
981	:	1707192008.747	     0.003	0	0	0	11	./cov 981 ini_files/cov_desy3
982	:	1707192008.750	     0.003	0	0	0	11	./cov 982 ini_files/cov_desy3
983	:	1707192008.753	     0.003	0	0	0	11	./cov 983 ini_files/cov_desy3
984	:	1707192008.756	     0.003	0	0	0	11	./cov 984 ini_files/cov_desy3
985	:	1707192008.759	     0.003	0	0	0	11	./cov 985 ini_files/cov_desy3
920	:	1707192008.560	     0.206	0	0	0	11	./cov 920 ini_files/cov_desy3
987	:	1707192008.765	     0.003	0	0	0	11	./cov 987 ini_files/cov_desy3
988	:	1707192008.769	     0.003	0	0	0	11	./cov 988 ini_files/cov_desy3
989	:	1707192008.772	     0.003	0	0	0	11	./cov 989 ini_files/cov_desy3
990	:	1707192008.775	     0.003	0	0	0	11	./cov 990 ini_files/cov_desy3
991	:	1707192008.778	     0.002	0	0	0	11	./cov 991 ini_files/cov_desy3
927	:	1707192008.581	     0.202	0	0	0	11	./cov 927 ini_files/cov_desy3
993	:	1707192008.784	     0.006	0	0	0	11	./cov 993 ini_files/cov_desy3
994	:	1707192008.786	     0.003	0	0	0	11	./cov 994 ini_files/cov_desy3
995	:	1707192008.789	     0.006	0	0	0	11	./cov 995 ini_files/cov_desy3
996	:	1707192008.792	     0.003	0	0	0	11	./cov 996 ini_files/cov_desy3
997	:	1707192008.795	     0.003	0	0	0	11	./cov 997 ini_files/cov_desy3
934	:	1707192008.603	     0.202	0	0	0	11	./cov 934 ini_files/cov_desy3
999	:	1707192008.802	     0.003	0	0	0	11	./cov 999 ini_files/cov_desy3
1000	:	1707192008.805	     0.003	0	0	0	11	./cov 1000 ini_files/cov_desy3
1001	:	1707192008.809	     0.003	0	0	0	11	./cov 1001 ini_files/cov_desy3
1002	:	1707192008.812	     0.006	0	0	0	11	./cov 1002 ini_files/cov_desy3
1003	:	1707192008.815	     0.003	0	0	0	11	./cov 1003 ini_files/cov_desy3
1004	:	1707192008.818	     0.003	0	0	0	11	./cov 1004 ini_files/cov_desy3
940	:	1707192008.621	     0.203	0	0	0	11	./cov 940 ini_files/cov_desy3
1006	:	1707192008.824	     0.007	0	0	0	11	./cov 1006 ini_files/cov_desy3
1007	:	1707192008.827	     0.005	0	0	0	11	./cov 1007 ini_files/cov_desy3
1008	:	1707192008.831	     0.003	0	0	0	11	./cov 1008 ini_files/cov_desy3
1009	:	1707192008.834	     0.003	0	0	0	11	./cov 1009 ini_files/cov_desy3
1010	:	1707192008.837	     0.006	0	0	0	11	./cov 1010 ini_files/cov_desy3
947	:	1707192008.642	     0.203	0	0	0	11	./cov 947 ini_files/cov_desy3
1011	:	1707192008.840	     0.006	0	0	0	11	./cov 1011 ini_files/cov_desy3
1013	:	1707192008.846	     0.003	0	0	0	11	./cov 1013 ini_files/cov_desy3
1014	:	1707192008.850	     0.004	0	0	0	11	./cov 1014 ini_files/cov_desy3
1015	:	1707192008.854	     0.005	0	0	0	11	./cov 1015 ini_files/cov_desy3
1016	:	1707192008.857	     0.005	0	0	0	11	./cov 1016 ini_files/cov_desy3
1017	:	1707192008.859	     0.005	0	0	0	11	./cov 1017 ini_files/cov_desy3
1018	:	1707192008.863	     0.005	0	0	0	11	./cov 1018 ini_files/cov_desy3
954	:	1707192008.662	     0.209	0	0	0	11	./cov 954 ini_files/cov_desy3
1020	:	1707192008.871	     0.007	0	0	0	11	./cov 1020 ini_files/cov_desy3
1021	:	1707192008.875	     0.005	0	0	0	11	./cov 1021 ini_files/cov_desy3
1022	:	1707192008.879	     0.005	0	0	0	11	./cov 1022 ini_files/cov_desy3
1023	:	1707192008.883	     0.005	0	0	0	11	./cov 1023 ini_files/cov_desy3
1024	:	1707192008.888	     0.006	0	0	0	11	./cov 1024 ini_files/cov_desy3
960	:	1707192008.682	     0.213	0	0	0	11	./cov 960 ini_files/cov_desy3
1025	:	1707192008.891	     0.003	0	0	0	11	./cov 1025 ini_files/cov_desy3
1027	:	1707192008.898	     0.006	0	0	0	11	./cov 1027 ini_files/cov_desy3
1028	:	1707192008.901	     0.003	0	0	0	11	./cov 1028 ini_files/cov_desy3
1029	:	1707192008.904	     0.006	0	0	0	11	./cov 1029 ini_files/cov_desy3
1030	:	1707192008.907	     0.003	0	0	0	11	./cov 1030 ini_files/cov_desy3
1031	:	1707192008.910	     0.003	0	0	0	11	./cov 1031 ini_files/cov_desy3
966	:	1707192008.700	     0.220	0	0	0	11	./cov 966 ini_files/cov_desy3
1033	:	1707192008.917	     0.004	0	0	0	11	./cov 1033 ini_files/cov_desy3
1034	:	1707192008.921	     0.003	0	0	0	11	./cov 1034 ini_files/cov_desy3
1035	:	1707192008.924	     0.003	0	0	0	11	./cov 1035 ini_files/cov_desy3
974	:	1707192008.724	     0.217	0	0	0	11	./cov 974 ini_files/cov_desy3
979	:	1707192008.740	     0.223	0	0	0	11	./cov 979 ini_files/cov_desy3
986	:	1707192008.763	     0.219	0	0	0	11	./cov 986 ini_files/cov_desy3
992	:	1707192008.781	     0.220	0	0	0	11	./cov 992 ini_files/cov_desy3
998	:	1707192008.799	     0.217	0	0	0	11	./cov 998 ini_files/cov_desy3
1005	:	1707192008.821	     0.211	0	0	0	11	./cov 1005 ini_files/cov_desy3
1012	:	1707192008.843	     0.205	0	0	0	11	./cov 1012 ini_files/cov_desy3
1019	:	1707192008.868	     0.193	0	0	0	11	./cov 1019 ini_files/cov_desy3
1026	:	1707192008.894	     0.184	0	0	0	11	./cov 1026 ini_files/cov_desy3
1032	:	1707192008.914	     0.177	0	0	0	11	./cov 1032 ini_files/cov_desy3
